#
# A fatal error has been detected by the Java Runtime Environment:
#
#  EXCEPTION_ACCESS_VIOLATION (0xc0000005) at pc=0xffffffffa3535120, pid=3004, tid=7264
#
# JRE version: Java(TM) SE Runtime Environment (8.0_73-b02) (build 1.8.0_73-b02)
# Java VM: Java HotSpot(TM) 64-Bit Server VM (25.73-b02 mixed mode windows-amd64 compressed oops)
# Problematic frame:
# C  0xffffffffa3535120
#
# Failed to write core dump. Minidumps are not enabled by default on client versions of Windows
#
# If you would like to submit a bug report, please visit:
#   http://bugreport.java.com/bugreport/crash.jsp
#

---------------  T H R E A D  ---------------

Current thread (0x0000000002430800):  JavaThread "main" [_thread_in_Java, id=7264, stack(0x00000000022d0000,0x00000000023d0000)]

siginfo: ExceptionCode=0xc0000005, ExceptionInformation=0x0000000000000008 0xffffffffa3535120

Registers:
RAX=0x00000000167eabd8, RBX=0x00000000167eabd8, RCX=0x00000000d9d6f928, RDX=0x00000000d9d6f928
RSP=0x00000000023ccc68, RBP=0x00000000023cccd0, RSI=0x000000001a904448, RDI=0x000000001a904448
R8 =0x0000000000000000, R9 =0x00000000d9d6f928, R10=0x0000000065463190, R11=0x0000000002926fc0
R12=0x0000000000000000, R13=0x00000000023ccc80, R14=0x000000001aa8f770, R15=0x0000000002430800
RIP=0xffffffffa3535120, EFLAGS=0x0000000000010202

Top of Stack: (sp=0x00000000023ccc68)
0x00000000023ccc68:   0000000002537a2d 0000000002537a2d
0x00000000023ccc78:   0000000002537a2d 0000000000000000
0x00000000023ccc88:   00000000d9d6f928 00000000023ccc90
0x00000000023ccc98:   000000001aa085d0 00000000023ccd18
0x00000000023ccca8:   000000001aa09088 000000001aa8f770
0x00000000023cccb8:   000000001aa08720 00000000023ccc80
0x00000000023cccc8:   00000000023ccd20 00000000800022e8
0x00000000023cccd8:   0000000002ad7348 0000000000000000
0x00000000023ccce8:   0000000000000000 0000000000000000
0x00000000023cccf8:   00000000d9b805d0 00000000d9d6f928
0x00000000023ccd08:   00000000d6567d48 00000000d9bf5718
0x00000000023ccd18:   00000000d65e23d0 00000000023ccde0
0x00000000023ccd28:   000000000242c010 00000000023cd550
0x00000000023ccd38:   000000000297d624 00000000d65e23d0
0x00000000023ccd48:   00000000d9bf5718 00000000d6567d48
0x00000000023ccd58:   00000000d9d6f8d0 200066e100000011 

Instructions: (pc=0xffffffffa3535120)
0xffffffffa3535100:   
[error occurred during error reporting (printing registers, top of stack, instructions near pc), id 0xc0000005]

Register to memory mapping:

RAX={method} {0x00000000167eabe0} 'setAccessible' '(Z)V' in 'java/lang/reflect/AccessibleObject'
RBX={method} {0x00000000167eabe0} 'setAccessible' '(Z)V' in 'java/lang/reflect/AccessibleObject'
RCX=0x00000000d9d6f928 is an oop
java.lang.reflect.Field 
 - klass: 'java/lang/reflect/Field'
RDX=0x00000000d9d6f928 is an oop
java.lang.reflect.Field 
 - klass: 'java/lang/reflect/Field'
RSP=0x00000000023ccc68 is pointing into the stack for thread: 0x0000000002430800
RBP=0x00000000023cccd0 is pointing into the stack for thread: 0x0000000002430800
RSI=0x000000001a904448 is pointing into metadata
RDI=0x000000001a904448 is pointing into metadata
R8 =0x0000000000000000 is an unknown value
R9 =0x00000000d9d6f928 is an oop
java.lang.reflect.Field 
 - klass: 'java/lang/reflect/Field'
R10=0x0000000065463190 is an unknown value
R11=0x0000000002926fc0 is at entry_point+32 in (nmethod*)0x0000000002926e10
R12=0x0000000000000000 is an unknown value
R13=0x00000000023ccc80 is pointing into the stack for thread: 0x0000000002430800
R14=0x000000001aa8f770 is pointing into metadata
R15=0x0000000002430800 is a thread


Stack: [0x00000000022d0000,0x00000000023d0000],  sp=0x00000000023ccc68,  free space=1011k
Native frames: (J=compiled Java code, j=interpreted, Vv=VM code, C=native code)
C  0xffffffffa3535120


---------------  P R O C E S S  ---------------

Java Threads: ( => current thread )
  0x0000000018a88800 JavaThread "Service Thread" daemon [_thread_blocked, id=8692, stack(0x0000000018e80000,0x0000000018f80000)]
  0x0000000017155800 JavaThread "C1 CompilerThread2" daemon [_thread_blocked, id=7980, stack(0x0000000018980000,0x0000000018a80000)]
  0x0000000017152800 JavaThread "C2 CompilerThread1" daemon [_thread_in_native, id=8092, stack(0x0000000018880000,0x0000000018980000)]
  0x000000001714f000 JavaThread "C2 CompilerThread0" daemon [_thread_blocked, id=8656, stack(0x0000000018780000,0x0000000018880000)]
  0x000000001714d800 JavaThread "Attach Listener" daemon [_thread_blocked, id=8844, stack(0x0000000018680000,0x0000000018780000)]
  0x000000001714c000 JavaThread "Signal Dispatcher" daemon [_thread_blocked, id=8188, stack(0x0000000018580000,0x0000000018680000)]
  0x0000000002522000 JavaThread "Finalizer" daemon [_thread_blocked, id=9024, stack(0x00000000183a0000,0x00000000184a0000)]
  0x000000000251e800 JavaThread "Reference Handler" daemon [_thread_blocked, id=5644, stack(0x00000000182a0000,0x00000000183a0000)]
=>0x0000000002430800 JavaThread "main" [_thread_in_Java, id=7264, stack(0x00000000022d0000,0x00000000023d0000)]

Other Threads:
  0x0000000017118000 VMThread [stack: 0x00000000181a0000,0x00000000182a0000] [id=5852]
  0x0000000018a90800 WatcherThread [stack: 0x0000000018f80000,0x0000000019080000] [id=840]

VM state:not at safepoint (normal execution)

VM Mutex/Monitor currently owned by a thread: None

Heap:
 PSYoungGen      total 71680K, used 23239K [0x00000000d5580000, 0x00000000da080000, 0x0000000100000000)
  eden space 66560K, 27% used [0x00000000d5580000,0x00000000d6738b68,0x00000000d9680000)
  from space 5120K, 99% used [0x00000000d9b80000,0x00000000da079160,0x00000000da080000)
  to   space 5120K, 0% used [0x00000000d9680000,0x00000000d9680000,0x00000000d9b80000)
 ParOldGen       total 87552K, used 2253K [0x0000000080000000, 0x0000000085580000, 0x00000000d5580000)
  object space 87552K, 2% used [0x0000000080000000,0x0000000080233528,0x0000000085580000)
 Metaspace       used 12451K, capacity 12604K, committed 12928K, reserved 1060864K
  class space    used 1507K, capacity 1577K, committed 1664K, reserved 1048576K

Card table byte_map: [0x00000000118f0000,0x0000000011d00000] byte_map_base: 0x00000000114f0000

Marking Bits: (ParMarkBitMap*) 0x0000000065480600
 Begin Bits: [0x00000000123b0000, 0x00000000143b0000)
 End Bits:   [0x00000000143b0000, 0x00000000163b0000)

Polling page: 0x00000000007f0000

CodeCache: size=245760Kb used=6228Kb max_used=6242Kb free=239531Kb
 bounds [0x0000000002530000, 0x0000000002b50000, 0x0000000011530000]
 total_blobs=2046 nmethods=1729 adapters=231
 compilation: enabled

Compilation events (10 events):
Event: 4.303 Thread 0x0000000017155800 1727       3       org.apache.maven.model.ModelBase::addProperty (11 bytes)
Event: 4.304 Thread 0x0000000017155800 nmethod 1727 0x0000000002b332d0 code [0x0000000002b334a0, 0x0000000002b339f8]
Event: 4.311 Thread 0x0000000017155800 1729       3       org.codehaus.plexus.util.xml.Xpp3Dom::mergeIntoXpp3Dom (422 bytes)
Event: 4.318 Thread 0x0000000017155800 nmethod 1729 0x0000000002b3c290 code [0x0000000002b3c8a0, 0x0000000002b40838]
Event: 4.322 Thread 0x0000000017155800 1730       3       org.apache.maven.model.inheritance.DefaultInheritanceAssembler$InheritanceModelMerger::mergePluginContainer_Plugins (430 bytes)
Event: 4.330 Thread 0x0000000017155800 nmethod 1730 0x0000000002b42dd0 code [0x0000000002b435e0, 0x0000000002b494f8]
Event: 4.333 Thread 0x000000001714f000 nmethod 1725 0x0000000002b4d310 code [0x0000000002b4d540, 0x0000000002b4e610]
Event: 4.333 Thread 0x000000001714f000 1731       4       java.lang.reflect.AccessibleObject::setAccessible (21 bytes)
Event: 4.334 Thread 0x000000001714f000 nmethod 1731 0x0000000002b2d3d0 code [0x0000000002b2d520, 0x0000000002b2d5d8]
Event: 4.334 Thread 0x000000001714f000 1728       4       java.util.HashMap::<init> (98 bytes)

GC Heap History (4 events):
Event: 1.663 GC heap before
{Heap before GC invocations=1 (full 0):
 PSYoungGen      total 38400K, used 33280K [0x00000000d5580000, 0x00000000d8000000, 0x0000000100000000)
  eden space 33280K, 100% used [0x00000000d5580000,0x00000000d7600000,0x00000000d7600000)
  from space 5120K, 0% used [0x00000000d7b00000,0x00000000d7b00000,0x00000000d8000000)
  to   space 5120K, 0% used [0x00000000d7600000,0x00000000d7600000,0x00000000d7b00000)
 ParOldGen       total 87552K, used 0K [0x0000000080000000, 0x0000000085580000, 0x00000000d5580000)
  object space 87552K, 0% used [0x0000000080000000,0x0000000080000000,0x0000000085580000)
 Metaspace       used 7599K, capacity 7790K, committed 7936K, reserved 1056768K
  class space    used 950K, capacity 1021K, committed 1024K, reserved 1048576K
Event: 1.683 GC heap after
Heap after GC invocations=1 (full 0):
 PSYoungGen      total 38400K, used 4398K [0x00000000d5580000, 0x00000000da080000, 0x0000000100000000)
  eden space 33280K, 0% used [0x00000000d5580000,0x00000000d5580000,0x00000000d7600000)
  from space 5120K, 85% used [0x00000000d7600000,0x00000000d7a4ba20,0x00000000d7b00000)
  to   space 5120K, 0% used [0x00000000d9b80000,0x00000000d9b80000,0x00000000da080000)
 ParOldGen       total 87552K, used 8K [0x0000000080000000, 0x0000000085580000, 0x00000000d5580000)
  object space 87552K, 0% used [0x0000000080000000,0x0000000080002000,0x0000000085580000)
 Metaspace       used 7599K, capacity 7790K, committed 7936K, reserved 1056768K
  class space    used 950K, capacity 1021K, committed 1024K, reserved 1048576K
}
Event: 3.438 GC heap before
{Heap before GC invocations=2 (full 0):
 PSYoungGen      total 38400K, used 37678K [0x00000000d5580000, 0x00000000da080000, 0x0000000100000000)
  eden space 33280K, 100% used [0x00000000d5580000,0x00000000d7600000,0x00000000d7600000)
  from space 5120K, 85% used [0x00000000d7600000,0x00000000d7a4ba20,0x00000000d7b00000)
  to   space 5120K, 0% used [0x00000000d9b80000,0x00000000d9b80000,0x00000000da080000)
 ParOldGen       total 87552K, used 8K [0x0000000080000000, 0x0000000085580000, 0x00000000d5580000)
  object space 87552K, 0% used [0x0000000080000000,0x0000000080002000,0x0000000085580000)
 Metaspace       used 12136K, capacity 12304K, committed 12672K, reserved 1060864K
  class space    used 1487K, capacity 1543K, committed 1664K, reserved 1048576K
Event: 3.470 GC heap after
Heap after GC invocations=2 (full 0):
 PSYoungGen      total 71680K, used 5092K [0x00000000d5580000, 0x00000000da080000, 0x0000000100000000)
  eden space 66560K, 0% used [0x00000000d5580000,0x00000000d5580000,0x00000000d9680000)
  from space 5120K, 99% used [0x00000000d9b80000,0x00000000da079160,0x00000000da080000)
  to   space 5120K, 0% used [0x00000000d9680000,0x00000000d9680000,0x00000000d9b80000)
 ParOldGen       total 87552K, used 2253K [0x0000000080000000, 0x0000000085580000, 0x00000000d5580000)
  object space 87552K, 2% used [0x0000000080000000,0x0000000080233528,0x0000000085580000)
 Metaspace       used 12136K, capacity 12304K, committed 12672K, reserved 1060864K
  class space    used 1487K, capacity 1543K, committed 1664K, reserved 1048576K
}

Deoptimization events (10 events):
Event: 3.796 Thread 0x0000000002430800 Uncommon trap: reason=class_check action=maybe_recompile pc=0x00000000027aaad0 method=java.nio.charset.CharsetDecoder.decode(Ljava/nio/ByteBuffer;Ljava/nio/CharBuffer;Z)Ljava/nio/charset/CoderResult; @ 57
Event: 3.870 Thread 0x0000000002430800 Uncommon trap: reason=class_check action=maybe_recompile pc=0x0000000002a82430 method=org.apache.maven.model.interpolation.StringSearchModelInterpolator$InterpolateObjectAction.interpolateMapField(Ljava/lang/Object;Ljava/lang/reflect/Field;)V @ 126
Event: 3.870 Thread 0x0000000002430800 Uncommon trap: reason=class_check action=maybe_recompile pc=0x0000000002a82430 method=org.apache.maven.model.interpolation.StringSearchModelInterpolator$InterpolateObjectAction.interpolateMapField(Ljava/lang/Object;Ljava/lang/reflect/Field;)V @ 126
Event: 4.185 Thread 0x0000000002430800 Uncommon trap: reason=unstable_if action=reinterpret pc=0x0000000002a2d8f8 method=org.codehaus.plexus.util.xml.pull.MXParser.nextImpl()I @ 280
Event: 4.271 Thread 0x0000000002430800 Uncommon trap: reason=bimorphic action=maybe_recompile pc=0x0000000002b1412c method=java.util.regex.Pattern$Curly.match0(Ljava/util/regex/Matcher;IILjava/lang/CharSequence;)Z @ 170
Event: 4.271 Thread 0x0000000002430800 Uncommon trap: reason=bimorphic action=maybe_recompile pc=0x0000000002b1412c method=java.util.regex.Pattern$Curly.match0(Ljava/util/regex/Matcher;IILjava/lang/CharSequence;)Z @ 170
Event: 4.288 Thread 0x0000000002430800 Uncommon trap: reason=class_check action=maybe_recompile pc=0x0000000002a82430 method=org.apache.maven.model.interpolation.StringSearchModelInterpolator$InterpolateObjectAction.interpolateMapField(Ljava/lang/Object;Ljava/lang/reflect/Field;)V @ 126
Event: 4.288 Thread 0x0000000002430800 Uncommon trap: reason=class_check action=maybe_recompile pc=0x0000000002a82430 method=org.apache.maven.model.interpolation.StringSearchModelInterpolator$InterpolateObjectAction.interpolateMapField(Ljava/lang/Object;Ljava/lang/reflect/Field;)V @ 126
Event: 4.290 Thread 0x0000000002430800 Uncommon trap: reason=bimorphic action=maybe_recompile pc=0x0000000002b1412c method=java.util.regex.Pattern$Curly.match0(Ljava/util/regex/Matcher;IILjava/lang/CharSequence;)Z @ 170
Event: 4.290 Thread 0x0000000002430800 Uncommon trap: reason=bimorphic action=maybe_recompile pc=0x0000000002b1412c method=java.util.regex.Pattern$Curly.match0(Ljava/util/regex/Matcher;IILjava/lang/CharSequence;)Z @ 170

Internal exceptions (10 events):
Event: 1.127 Thread 0x0000000002430800 Exception <a 'java/lang/ArrayIndexOutOfBoundsException'> (0x00000000d6335648) thrown at [D:\re\puppet\workspace\8-2-build-windows-amd64-cygwin\jdk8u73\6086\hotspot\src\share\vm\runtime\sharedRuntime.cpp, line 605]
Event: 1.128 Thread 0x0000000002430800 Exception <a 'java/lang/ArrayIndexOutOfBoundsException'> (0x00000000d6336d70) thrown at [D:\re\puppet\workspace\8-2-build-windows-amd64-cygwin\jdk8u73\6086\hotspot\src\share\vm\runtime\sharedRuntime.cpp, line 605]
Event: 1.143 Thread 0x0000000002430800 Exception <a 'java/lang/ArrayIndexOutOfBoundsException'> (0x00000000d6399fd8) thrown at [D:\re\puppet\workspace\8-2-build-windows-amd64-cygwin\jdk8u73\6086\hotspot\src\share\vm\runtime\sharedRuntime.cpp, line 605]
Event: 1.490 Thread 0x0000000002430800 Exception <a 'java/lang/ArrayIndexOutOfBoundsException'> (0x00000000d71a3b30) thrown at [D:\re\puppet\workspace\8-2-build-windows-amd64-cygwin\jdk8u73\6086\hotspot\src\share\vm\runtime\sharedRuntime.cpp, line 605]
Event: 1.491 Thread 0x0000000002430800 Exception <a 'java/lang/ArrayIndexOutOfBoundsException'> (0x00000000d71a5e78) thrown at [D:\re\puppet\workspace\8-2-build-windows-amd64-cygwin\jdk8u73\6086\hotspot\src\share\vm\runtime\sharedRuntime.cpp, line 605]
Event: 1.724 Thread 0x0000000002430800 Exception <a 'java/lang/NoClassDefFoundError': org/slf4j/Logger> (0x00000000d568ff48) thrown at [D:\re\puppet\workspace\8-2-build-windows-amd64-cygwin\jdk8u73\6086\hotspot\src\share\vm\classfile\systemDictionary.cpp, line 199]
Event: 1.825 Thread 0x0000000002430800 Exception <a 'java/lang/NoClassDefFoundError': org/slf4j/LoggerFactory> (0x00000000d5931410) thrown at [D:\re\puppet\workspace\8-2-build-windows-amd64-cygwin\jdk8u73\6086\hotspot\src\share\vm\classfile\systemDictionary.cpp, line 199]
Event: 1.825 Thread 0x0000000002430800 Exception <a 'java/lang/NoClassDefFoundError'> (0x00000000d5931410) thrown at [D:\re\puppet\workspace\8-2-build-windows-amd64-cygwin\jdk8u73\6086\hotspot\src\share\vm\oops\instanceKlass.cpp, line 948]
Event: 3.169 Thread 0x0000000002430800 Implicit null exception at 0x00000000028df495 to 0x00000000028df66d
Event: 3.323 Thread 0x0000000002430800 Implicit null exception at 0x0000000002a0571c to 0x0000000002a066e1

Events (10 events):
Event: 4.290 Thread 0x0000000002430800 Uncommon trap: trap_request=0xffffffc6 fr.pc=0x0000000002b1412c
Event: 4.290 Thread 0x0000000002430800 DEOPT PACKING pc=0x0000000002b1412c sp=0x00000000023cd4e0
Event: 4.290 Thread 0x0000000002430800 DEOPT UNPACKING pc=0x000000000257556a sp=0x00000000023cd458 mode 2
Event: 4.290 Thread 0x0000000002430800 Uncommon trap: trap_request=0xffffffc6 fr.pc=0x0000000002b1412c
Event: 4.290 Thread 0x0000000002430800 DEOPT PACKING pc=0x0000000002b1412c sp=0x00000000023cd4e0
Event: 4.290 Thread 0x0000000002430800 DEOPT UNPACKING pc=0x000000000257556a sp=0x00000000023cd458 mode 2
Event: 4.325 Executing VM operation: ForceSafepoint
Event: 4.325 Executing VM operation: ForceSafepoint done
Event: 4.332 Executing VM operation: EnableBiasedLocking
Event: 4.333 Executing VM operation: EnableBiasedLocking done


Dynamic libraries:
0x00007ff6f9400000 - 0x00007ff6f9437000 	C:\Program Files\Java\jdk1.8.0_73\bin\java.exe
0x00007fff9a220000 - 0x00007fff9a3e1000 	C:\Windows\SYSTEM32\ntdll.dll
0x00007fff976d0000 - 0x00007fff9777d000 	C:\Windows\system32\KERNEL32.DLL
0x00007fff96b20000 - 0x00007fff96d08000 	C:\Windows\system32\KERNELBASE.dll
0x00007fff97620000 - 0x00007fff976c7000 	C:\Windows\system32\ADVAPI32.dll
0x00007fff97d60000 - 0x00007fff97dfd000 	C:\Windows\system32\msvcrt.dll
0x00007fff982f0000 - 0x00007fff9834b000 	C:\Windows\system32\sechost.dll
0x00007fff97e70000 - 0x00007fff97f8c000 	C:\Windows\system32\RPCRT4.dll
0x00007fff980e0000 - 0x00007fff98236000 	C:\Windows\system32\USER32.dll
0x00007fff97b20000 - 0x00007fff97ca6000 	C:\Windows\system32\GDI32.dll
0x00007fff90de0000 - 0x00007fff91054000 	C:\Windows\WinSxS\amd64_microsoft.windows.common-controls_6595b64144ccf1df_6.0.10586.0_none_8c15ae12515e1c22\COMCTL32.dll
0x00007fff988f0000 - 0x00007fff98b6d000 	C:\Windows\system32\combase.dll
0x00007fff96f60000 - 0x00007fff96fca000 	C:\Windows\system32\bcryptPrimitives.dll
0x00007fff97cb0000 - 0x00007fff97ceb000 	C:\Windows\system32\IMM32.DLL
0x0000000065f10000 - 0x0000000065fe2000 	C:\Program Files\Java\jdk1.8.0_73\jre\bin\msvcr100.dll
0x0000000064c70000 - 0x0000000065500000 	C:\Program Files\Java\jdk1.8.0_73\jre\bin\server\jvm.dll
0x00007fff97d50000 - 0x00007fff97d58000 	C:\Windows\system32\PSAPI.DLL
0x00007fff88d80000 - 0x00007fff88d89000 	C:\Windows\SYSTEM32\WSOCK32.dll
0x00007fff97e00000 - 0x00007fff97e6b000 	C:\Windows\system32\WS2_32.dll
0x00007fff94f40000 - 0x00007fff94f63000 	C:\Windows\SYSTEM32\WINMM.dll
0x00007fff92cb0000 - 0x00007fff92cba000 	C:\Windows\SYSTEM32\VERSION.dll
0x00007fff94bf0000 - 0x00007fff94c1c000 	C:\Windows\SYSTEM32\WINMMBASE.dll
0x00007fff96dd0000 - 0x00007fff96e13000 	C:\Windows\system32\cfgmgr32.dll
0x0000000065f00000 - 0x0000000065f0f000 	C:\Program Files\Java\jdk1.8.0_73\jre\bin\verify.dll
0x0000000065ed0000 - 0x0000000065ef9000 	C:\Program Files\Java\jdk1.8.0_73\jre\bin\java.dll
0x0000000065eb0000 - 0x0000000065ec6000 	C:\Program Files\Java\jdk1.8.0_73\jre\bin\zip.dll
0x00007fff98b80000 - 0x00007fff9a0dc000 	C:\Windows\system32\SHELL32.dll
0x00007fff96fd0000 - 0x00007fff97615000 	C:\Windows\system32\windows.storage.dll
0x00007fff98780000 - 0x00007fff987d2000 	C:\Windows\system32\shlwapi.dll
0x00007fff968c0000 - 0x00007fff968cf000 	C:\Windows\system32\kernel.appcore.dll
0x00007fff96d10000 - 0x00007fff96dc5000 	C:\Windows\system32\shcore.dll
0x00007fff96840000 - 0x00007fff9688b000 	C:\Windows\system32\powrprof.dll
0x00007fff96890000 - 0x00007fff968a4000 	C:\Windows\system32\profapi.dll
0x0000000065e90000 - 0x0000000065eaa000 	C:\Program Files\Java\jdk1.8.0_73\jre\bin\net.dll
0x00007fff96170000 - 0x00007fff961cc000 	C:\Windows\system32\mswsock.dll
0x0000000065e70000 - 0x0000000065e81000 	C:\Program Files\Java\jdk1.8.0_73\jre\bin\nio.dll
0x00007fff72970000 - 0x00007fff72afc000 	C:\Windows\SYSTEM32\dbghelp.dll

VM Arguments:
jvm_args: -Dmaven.home=C:\Program Files (x86)\JetBrains\IntelliJ IDEA 15.0.3\plugins\maven\lib\maven3 -Dclassworlds.conf=C:\Program Files (x86)\JetBrains\IntelliJ IDEA 15.0.3\plugins\maven\lib\maven3\bin\m2.conf -Dfile.encoding=UTF-8 
java_command: org.codehaus.classworlds.Launcher -Didea.version=15.0.4 clean compile install -PMySQL
java_class_path (initial): C:\Program Files (x86)\JetBrains\IntelliJ IDEA 15.0.3\plugins\maven\lib\maven3\boot\plexus-classworlds-2.4.jar
Launcher Type: SUN_STANDARD

Environment Variables:
PATH=C:\Program Files (x86)\NVIDIA Corporation\PhysX\Common;c:\programdata\oracle\java\javapath;c:\windows\system32;c:\windows;c:\windows\system32\wbem;c:\windows\system32\windowspowershell\v1.0\;c:\program files\tortoisesvn\bin;c:\program files (x86)\skype\phone\;c:\program files (x86)\brackets\command;c:\windows\system32\config\systemprofile\.dnx\bin;c:\program files\microsoft dnx\dnvm\;c:\program files (x86)\windows kits\8.1\windows performance toolkit\;c:\program files\microsoft sql server\130\tools\binn\;C:\Users\Vytautas\AppData\Local\atom\bin
USERNAME=Vytautas
OS=Windows_NT
PROCESSOR_IDENTIFIER=Intel64 Family 6 Model 15 Stepping 11, GenuineIntel



---------------  S Y S T E M  ---------------

OS: Windows 10.0 , 64 bit Build 10586 (10.0.10586.0)

CPU:total 4 (4 cores per cpu, 1 threads per core) family 6 model 15 stepping 11, cmov, cx8, fxsr, mmx, sse, sse2, sse3, ssse3, tsc

Memory: 4k page, physical 8386868k(4493776k free), swap 9697588k(4841328k free)

vm_info: Java HotSpot(TM) 64-Bit Server VM (25.73-b02) for windows-amd64 JRE (1.8.0_73-b02), built on Jan 29 2016 17:38:49 by "java_re" with MS VC++ 10.0 (VS2010)

time: Tue Apr 26 02:40:54 2016
elapsed time: 4 seconds (0d 0h 0m 4s)

