#
# A fatal error has been detected by the Java Runtime Environment:
#
#  EXCEPTION_ACCESS_VIOLATION (0xc0000005) at pc=0xffffffffa3505120, pid=7024, tid=5040
#
# JRE version: Java(TM) SE Runtime Environment (8.0_73-b02) (build 1.8.0_73-b02)
# Java VM: Java HotSpot(TM) 64-Bit Server VM (25.73-b02 mixed mode windows-amd64 compressed oops)
# Problematic frame:
# C  0xffffffffa3505120
#
# Failed to write core dump. Minidumps are not enabled by default on client versions of Windows
#
# If you would like to submit a bug report, please visit:
#   http://bugreport.java.com/bugreport/crash.jsp
#

---------------  T H R E A D  ---------------

Current thread (0x0000000002400800):  JavaThread "main" [_thread_in_Java, id=5040, stack(0x0000000002230000,0x0000000002330000)]

siginfo: ExceptionCode=0xc0000005, ExceptionInformation=0x0000000000000008 0xffffffffa3505120

Registers:
RAX=0x000000001bdab848, RBX=0x000000001bdab848, RCX=0x00000000d5c4be80, RDX=0x00000000d5c4be80
RSP=0x000000000232d4d8, RBP=0x000000000232d538, RSI=0x0000000000000118, RDI=0x0000000000001801
R8 =0x00000000d5c4be98, R9 =0x00000000d5c4c1c8, R10=0x000000006a103190, R11=0x0000000002e8b1c0
R12=0x0000000000000000, R13=0x000000000232d4e8, R14=0x0000000000000000, R15=0x0000000002400800
RIP=0xffffffffa3505120, EFLAGS=0x0000000000010202

Top of Stack: (sp=0x000000000232d4d8)
0x000000000232d4d8:   00000000025077b0 00000000025077b0
0x000000000232d4e8:   00000000d5c4be98 00000000d5c4be80
0x000000000232d4f8:   000000000232d4f8 000000001bdab9bb
0x000000000232d508:   000000000232d568 000000001bdad3c8
0x000000000232d518:   0000000000000000 000000001bdab9e0
0x000000000232d528:   000000000232d4e8 000000000232d560
0x000000000232d538:   000000000232d5b0 00000000025077b0
0x000000000232d548:   00000000d5c4be80 00000000d5c4be68
0x000000000232d558:   00000000d5c4be98 00000000d5c4b388
0x000000000232d568:   00000000d5c4baa8 000000000232d570
0x000000000232d578:   000000001bdabb75 000000000232d5c8
0x000000000232d588:   000000001bdad3c8 0000000000000000
0x000000000232d598:   000000001bdabb80 000000000232d560
0x000000000232d5a8:   000000000232d5c0 000000000232d618
0x000000000232d5b8:   00000000025077b0 0000000080bc1bf8
0x000000000232d5c8:   00000000d5c4b388 000000008091ae28 

Instructions: (pc=0xffffffffa3505120)
0xffffffffa3505100:   
[error occurred during error reporting (printing registers, top of stack, instructions near pc), id 0xc0000005]

Register to memory mapping:

RAX={method} {0x000000001bdab850} 'setTail' '(Lcom/sun/tools/javac/util/List;)Lcom/sun/tools/javac/util/List;' in 'com/sun/tools/javac/util/List'
RBX={method} {0x000000001bdab850} 'setTail' '(Lcom/sun/tools/javac/util/List;)Lcom/sun/tools/javac/util/List;' in 'com/sun/tools/javac/util/List'
RCX=0x00000000d5c4be80 is an oop
com.sun.tools.javac.util.List 
 - klass: 'com/sun/tools/javac/util/List'
RDX=0x00000000d5c4be80 is an oop
com.sun.tools.javac.util.List 
 - klass: 'com/sun/tools/javac/util/List'
RSP=0x000000000232d4d8 is pointing into the stack for thread: 0x0000000002400800
RBP=0x000000000232d538 is pointing into the stack for thread: 0x0000000002400800
RSI=0x0000000000000118 is an unknown value
RDI=0x0000000000001801 is an unknown value
R8 =0x00000000d5c4be98 is an oop
com.sun.tools.javac.util.List 
 - klass: 'com/sun/tools/javac/util/List'
R9 =0x00000000d5c4c1c8 is an oop
com.sun.tools.javac.util.List 
 - klass: 'com/sun/tools/javac/util/List'
R10=0x000000006a103190 is an unknown value
R11=0x0000000002e8b1c0 is at entry_point+32 in (nmethod*)0x0000000002e8b050
R12=0x0000000000000000 is an unknown value
R13=0x000000000232d4e8 is pointing into the stack for thread: 0x0000000002400800
R14=0x0000000000000000 is an unknown value
R15=0x0000000002400800 is a thread


Stack: [0x0000000002230000,0x0000000002330000],  sp=0x000000000232d4d8,  free space=1013k
Native frames: (J=compiled Java code, j=interpreted, Vv=VM code, C=native code)
C  0xffffffffa3505120


---------------  P R O C E S S  ---------------

Java Threads: ( => current thread )
  0x0000000018b9b800 JavaThread "Service Thread" daemon [_thread_blocked, id=2252, stack(0x0000000018f70000,0x0000000019070000)]
  0x0000000017125800 JavaThread "C1 CompilerThread2" daemon [_thread_blocked, id=852, stack(0x0000000018a70000,0x0000000018b70000)]
  0x0000000017121000 JavaThread "C2 CompilerThread1" daemon [_thread_in_native, id=10200, stack(0x0000000018970000,0x0000000018a70000)]
  0x000000001711d000 JavaThread "C2 CompilerThread0" daemon [_thread_in_native, id=4056, stack(0x0000000018870000,0x0000000018970000)]
  0x000000001711b800 JavaThread "Attach Listener" daemon [_thread_blocked, id=9268, stack(0x0000000018770000,0x0000000018870000)]
  0x000000001711a000 JavaThread "Signal Dispatcher" daemon [_thread_blocked, id=6804, stack(0x0000000018670000,0x0000000018770000)]
  0x00000000024f2000 JavaThread "Finalizer" daemon [_thread_blocked, id=5416, stack(0x0000000018390000,0x0000000018490000)]
  0x00000000024ed800 JavaThread "Reference Handler" daemon [_thread_blocked, id=7716, stack(0x0000000018290000,0x0000000018390000)]
=>0x0000000002400800 JavaThread "main" [_thread_in_Java, id=5040, stack(0x0000000002230000,0x0000000002330000)]

Other Threads:
  0x00000000170e8000 VMThread [stack: 0x0000000018190000,0x0000000018290000] [id=848]
  0x0000000018bb6800 WatcherThread [stack: 0x0000000019070000,0x0000000019170000] [id=2728]

VM state:not at safepoint (normal execution)

VM Mutex/Monitor currently owned by a thread: None

Heap:
 PSYoungGen      total 71680K, used 13290K [0x00000000d5580000, 0x00000000def80000, 0x0000000100000000)
  eden space 66560K, 12% used [0x00000000d5580000,0x00000000d5d7aaa0,0x00000000d9680000)
  from space 5120K, 100% used [0x00000000d9680000,0x00000000d9b80000,0x00000000d9b80000)
  to   space 12288K, 0% used [0x00000000de380000,0x00000000de380000,0x00000000def80000)
 ParOldGen       total 87552K, used 12816K [0x0000000080000000, 0x0000000085580000, 0x00000000d5580000)
  object space 87552K, 14% used [0x0000000080000000,0x0000000080c84218,0x0000000085580000)
 Metaspace       used 18037K, capacity 18370K, committed 18432K, reserved 1064960K
  class space    used 2177K, capacity 2284K, committed 2304K, reserved 1048576K

Card table byte_map: [0x00000000118c0000,0x0000000011cd0000] byte_map_base: 0x00000000114c0000

Marking Bits: (ParMarkBitMap*) 0x000000006a120600
 Begin Bits: [0x0000000012380000, 0x0000000014380000)
 End Bits:   [0x0000000014380000, 0x0000000016380000)

Polling page: 0x00000000006f0000

CodeCache: size=245760Kb used=9909Kb max_used=9917Kb free=235850Kb
 bounds [0x0000000002500000, 0x0000000002ec0000, 0x0000000011500000]
 total_blobs=3094 nmethods=2743 adapters=265
 compilation: enabled

Compilation events (10 events):
Event: 10.756 Thread 0x000000001711d000 nmethod 2716 0x0000000002e85d90 code [0x0000000002e85ee0, 0x0000000002e86078]
Event: 10.756 Thread 0x000000001711d000 2705 %     4       com.sun.tools.javac.file.ZipFileIndex$ZipDirectory::readEntry @ 102 (587 bytes)
Event: 10.766 Thread 0x0000000017125800 2744       1       com.sun.tools.javac.file.ZipFileIndex::access$800 (5 bytes)
Event: 10.766 Thread 0x0000000017125800 nmethod 2744 0x0000000002e89450 code [0x0000000002e895a0, 0x0000000002e89690]
Event: 10.766 Thread 0x0000000017125800 2746       3       com.sun.tools.javac.util.List::setTail (7 bytes)
Event: 10.766 Thread 0x0000000017125800 nmethod 2746 0x0000000002e8b050 code [0x0000000002e8b1a0, 0x0000000002e8b310]
Event: 10.766 Thread 0x0000000017125800 2745       3       com.sun.tools.javac.util.List::isEmpty (13 bytes)
Event: 10.766 Thread 0x0000000017125800 nmethod 2745 0x0000000002e8acd0 code [0x0000000002e8ae20, 0x0000000002e8afd0]
Event: 10.767 Thread 0x0000000017125800 2748       1       com.sun.tools.javac.util.List::setTail (7 bytes)
Event: 10.767 Thread 0x0000000017125800 nmethod 2748 0x0000000002eb4dd0 code [0x0000000002eb4f20, 0x0000000002eb5050]

GC Heap History (10 events):
Event: 1.264 GC heap before
{Heap before GC invocations=1 (full 0):
 PSYoungGen      total 38400K, used 33280K [0x00000000d5580000, 0x00000000d8000000, 0x0000000100000000)
  eden space 33280K, 100% used [0x00000000d5580000,0x00000000d7600000,0x00000000d7600000)
  from space 5120K, 0% used [0x00000000d7b00000,0x00000000d7b00000,0x00000000d8000000)
  to   space 5120K, 0% used [0x00000000d7600000,0x00000000d7600000,0x00000000d7b00000)
 ParOldGen       total 87552K, used 0K [0x0000000080000000, 0x0000000085580000, 0x00000000d5580000)
  object space 87552K, 0% used [0x0000000080000000,0x0000000080000000,0x0000000085580000)
 Metaspace       used 7591K, capacity 7790K, committed 7936K, reserved 1056768K
  class space    used 950K, capacity 1021K, committed 1024K, reserved 1048576K
Event: 1.275 GC heap after
Heap after GC invocations=1 (full 0):
 PSYoungGen      total 38400K, used 4406K [0x00000000d5580000, 0x00000000d8000000, 0x0000000100000000)
  eden space 33280K, 0% used [0x00000000d5580000,0x00000000d5580000,0x00000000d7600000)
  from space 5120K, 86% used [0x00000000d7600000,0x00000000d7a4db30,0x00000000d7b00000)
  to   space 5120K, 0% used [0x00000000d7b00000,0x00000000d7b00000,0x00000000d8000000)
 ParOldGen       total 87552K, used 8K [0x0000000080000000, 0x0000000085580000, 0x00000000d5580000)
  object space 87552K, 0% used [0x0000000080000000,0x0000000080002000,0x0000000085580000)
 Metaspace       used 7591K, capacity 7790K, committed 7936K, reserved 1056768K
  class space    used 950K, capacity 1021K, committed 1024K, reserved 1048576K
}
Event: 2.759 GC heap before
{Heap before GC invocations=2 (full 0):
 PSYoungGen      total 38400K, used 37686K [0x00000000d5580000, 0x00000000d8000000, 0x0000000100000000)
  eden space 33280K, 100% used [0x00000000d5580000,0x00000000d7600000,0x00000000d7600000)
  from space 5120K, 86% used [0x00000000d7600000,0x00000000d7a4db30,0x00000000d7b00000)
  to   space 5120K, 0% used [0x00000000d7b00000,0x00000000d7b00000,0x00000000d8000000)
 ParOldGen       total 87552K, used 8K [0x0000000080000000, 0x0000000085580000, 0x00000000d5580000)
  object space 87552K, 0% used [0x0000000080000000,0x0000000080002000,0x0000000085580000)
 Metaspace       used 12120K, capacity 12304K, committed 12672K, reserved 1060864K
  class space    used 1485K, capacity 1543K, committed 1664K, reserved 1048576K
Event: 2.787 GC heap after
Heap after GC invocations=2 (full 0):
 PSYoungGen      total 38400K, used 5118K [0x00000000d5580000, 0x00000000da080000, 0x0000000100000000)
  eden space 33280K, 0% used [0x00000000d5580000,0x00000000d5580000,0x00000000d7600000)
  from space 5120K, 99% used [0x00000000d7b00000,0x00000000d7fffa60,0x00000000d8000000)
  to   space 5120K, 0% used [0x00000000d7600000,0x00000000d7600000,0x00000000d7b00000)
 ParOldGen       total 87552K, used 2213K [0x0000000080000000, 0x0000000085580000, 0x00000000d5580000)
  object space 87552K, 2% used [0x0000000080000000,0x00000000802295e0,0x0000000085580000)
 Metaspace       used 12120K, capacity 12304K, committed 12672K, reserved 1060864K
  class space    used 1485K, capacity 1543K, committed 1664K, reserved 1048576K
}
Event: 5.114 GC heap before
{Heap before GC invocations=3 (full 0):
 PSYoungGen      total 38400K, used 38398K [0x00000000d5580000, 0x00000000da080000, 0x0000000100000000)
  eden space 33280K, 100% used [0x00000000d5580000,0x00000000d7600000,0x00000000d7600000)
  from space 5120K, 99% used [0x00000000d7b00000,0x00000000d7fffa60,0x00000000d8000000)
  to   space 5120K, 0% used [0x00000000d7600000,0x00000000d7600000,0x00000000d7b00000)
 ParOldGen       total 87552K, used 2213K [0x0000000080000000, 0x0000000085580000, 0x00000000d5580000)
  object space 87552K, 2% used [0x0000000080000000,0x00000000802295e0,0x0000000085580000)
 Metaspace       used 12910K, capacity 13146K, committed 13184K, reserved 1060864K
  class space    used 1572K, capacity 1650K, committed 1664K, reserved 1048576K
Event: 5.133 GC heap after
Heap after GC invocations=3 (full 0):
 PSYoungGen      total 38400K, used 5104K [0x00000000d5580000, 0x00000000da080000, 0x0000000100000000)
  eden space 33280K, 0% used [0x00000000d5580000,0x00000000d5580000,0x00000000d7600000)
  from space 5120K, 99% used [0x00000000d7600000,0x00000000d7afc010,0x00000000d7b00000)
  to   space 5120K, 0% used [0x00000000d9b80000,0x00000000d9b80000,0x00000000da080000)
 ParOldGen       total 87552K, used 3183K [0x0000000080000000, 0x0000000085580000, 0x00000000d5580000)
  object space 87552K, 3% used [0x0000000080000000,0x000000008031bc48,0x0000000085580000)
 Metaspace       used 12910K, capacity 13146K, committed 13184K, reserved 1060864K
  class space    used 1572K, capacity 1650K, committed 1664K, reserved 1048576K
}
Event: 7.483 GC heap before
{Heap before GC invocations=4 (full 0):
 PSYoungGen      total 38400K, used 38384K [0x00000000d5580000, 0x00000000da080000, 0x0000000100000000)
  eden space 33280K, 100% used [0x00000000d5580000,0x00000000d7600000,0x00000000d7600000)
  from space 5120K, 99% used [0x00000000d7600000,0x00000000d7afc010,0x00000000d7b00000)
  to   space 5120K, 0% used [0x00000000d9b80000,0x00000000d9b80000,0x00000000da080000)
 ParOldGen       total 87552K, used 3183K [0x0000000080000000, 0x0000000085580000, 0x00000000d5580000)
  object space 87552K, 3% used [0x0000000080000000,0x000000008031bc48,0x0000000085580000)
 Metaspace       used 13441K, capacity 13656K, committed 13824K, reserved 1060864K
  class space    used 1610K, capacity 1691K, committed 1792K, reserved 1048576K
Event: 7.511 GC heap after
Heap after GC invocations=4 (full 0):
 PSYoungGen      total 71680K, used 5104K [0x00000000d5580000, 0x00000000da080000, 0x0000000100000000)
  eden space 66560K, 0% used [0x00000000d5580000,0x00000000d5580000,0x00000000d9680000)
  from space 5120K, 99% used [0x00000000d9b80000,0x00000000da07c010,0x00000000da080000)
  to   space 5120K, 0% used [0x00000000d9680000,0x00000000d9680000,0x00000000d9b80000)
 ParOldGen       total 87552K, used 4762K [0x0000000080000000, 0x0000000085580000, 0x00000000d5580000)
  object space 87552K, 5% used [0x0000000080000000,0x00000000804a6800,0x0000000085580000)
 Metaspace       used 13441K, capacity 13656K, committed 13824K, reserved 1060864K
  class space    used 1610K, capacity 1691K, committed 1792K, reserved 1048576K
}
Event: 10.428 GC heap before
{Heap before GC invocations=5 (full 0):
 PSYoungGen      total 71680K, used 71664K [0x00000000d5580000, 0x00000000da080000, 0x0000000100000000)
  eden space 66560K, 100% used [0x00000000d5580000,0x00000000d9680000,0x00000000d9680000)
  from space 5120K, 99% used [0x00000000d9b80000,0x00000000da07c010,0x00000000da080000)
  to   space 5120K, 0% used [0x00000000d9680000,0x00000000d9680000,0x00000000d9b80000)
 ParOldGen       total 87552K, used 4762K [0x0000000080000000, 0x0000000085580000, 0x00000000d5580000)
  object space 87552K, 5% used [0x0000000080000000,0x00000000804a6800,0x0000000085580000)
 Metaspace       used 17993K, capacity 18370K, committed 18432K, reserved 1064960K
  class space    used 2174K, capacity 2284K, committed 2304K, reserved 1048576K
Event: 10.538 GC heap after
Heap after GC invocations=5 (full 0):
 PSYoungGen      total 71680K, used 5120K [0x00000000d5580000, 0x00000000def80000, 0x0000000100000000)
  eden space 66560K, 0% used [0x00000000d5580000,0x00000000d5580000,0x00000000d9680000)
  from space 5120K, 100% used [0x00000000d9680000,0x00000000d9b80000,0x00000000d9b80000)
  to   space 12288K, 0% used [0x00000000de380000,0x00000000de380000,0x00000000def80000)
 ParOldGen       total 87552K, used 12816K [0x0000000080000000, 0x0000000085580000, 0x00000000d5580000)
  object space 87552K, 14% used [0x0000000080000000,0x0000000080c84218,0x0000000085580000)
 Metaspace       used 17993K, capacity 18370K, committed 18432K, reserved 1064960K
  class space    used 2174K, capacity 2284K, committed 2304K, reserved 1048576K
}

Deoptimization events (10 events):
Event: 9.729 Thread 0x0000000002400800 Uncommon trap: reason=class_check action=maybe_recompile pc=0x00000000026cad48 method=sun.misc.URLClassPath.getLoader(I)Lsun/misc/URLClassPath$Loader; @ 94
Event: 9.759 Thread 0x0000000002400800 Uncommon trap: reason=unstable_if action=reinterpret pc=0x00000000026ca474 method=java.util.HashMap.putVal(ILjava/lang/Object;Ljava/lang/Object;ZZ)Ljava/lang/Object; @ 193
Event: 9.759 Thread 0x0000000002400800 Uncommon trap: reason=unstable_if action=reinterpret pc=0x00000000026b5d50 method=sun.misc.URLClassPath$JarLoader.getResource(Ljava/lang/String;Z)Lsun/misc/Resource; @ 62
Event: 9.804 Thread 0x0000000002400800 Uncommon trap: reason=class_check action=maybe_recompile pc=0x00000000026bbb1c method=sun.misc.URLClassPath.getLoader(I)Lsun/misc/URLClassPath$Loader; @ 94
Event: 9.847 Thread 0x0000000002400800 Uncommon trap: reason=unstable_if action=reinterpret pc=0x0000000002ce47f0 method=java.util.regex.Pattern.clazz(Z)Ljava/util/regex/Pattern$CharProperty; @ 361
Event: 9.848 Thread 0x0000000002400800 Uncommon trap: reason=bimorphic action=maybe_recompile pc=0x0000000002ba3fac method=java.util.regex.Pattern$BmpCharProperty.match(Ljava/util/regex/Matcher;ILjava/lang/CharSequence;)Z @ 16
Event: 9.848 Thread 0x0000000002400800 Uncommon trap: reason=bimorphic action=maybe_recompile pc=0x0000000002ba3fac method=java.util.regex.Pattern$BmpCharProperty.match(Ljava/util/regex/Matcher;ILjava/lang/CharSequence;)Z @ 16
Event: 9.848 Thread 0x0000000002400800 Uncommon trap: reason=bimorphic action=maybe_recompile pc=0x0000000002ba3fac method=java.util.regex.Pattern$BmpCharProperty.match(Ljava/util/regex/Matcher;ILjava/lang/CharSequence;)Z @ 16
Event: 9.848 Thread 0x0000000002400800 Uncommon trap: reason=bimorphic action=maybe_recompile pc=0x0000000002ba3fac method=java.util.regex.Pattern$BmpCharProperty.match(Ljava/util/regex/Matcher;ILjava/lang/CharSequence;)Z @ 16
Event: 10.560 Thread 0x0000000002400800 Uncommon trap: reason=unstable_if action=reinterpret pc=0x0000000002c21468 method=java.io.WinNTFileSystem.normalize(Ljava/lang/String;)Ljava/lang/String; @ 128

Internal exceptions (10 events):
Event: 2.401 Thread 0x0000000002400800 Implicit null exception at 0x00000000028ac755 to 0x00000000028ac92d
Event: 2.401 Thread 0x0000000002400800 Implicit null exception at 0x000000000270e06f to 0x000000000270e0d9
Event: 2.583 Thread 0x0000000002400800 Implicit null exception at 0x00000000029b675c to 0x00000000029b7729
Event: 4.468 Thread 0x0000000002400800 Implicit null exception at 0x0000000002878dbb to 0x00000000028794a9
Event: 4.683 Thread 0x0000000002400800 Exception <a 'java/lang/NoClassDefFoundError': org/slf4j/Logger> (0x00000000d728cda8) thrown at [D:\re\puppet\workspace\8-2-build-windows-amd64-cygwin\jdk8u73\6086\hotspot\src\share\vm\oops\constantPool.cpp, line 235]
Event: 6.047 Thread 0x0000000002400800 Exception <a 'java/lang/NoClassDefFoundError': org/slf4j/Logger> (0x00000000d62ca608) thrown at [D:\re\puppet\workspace\8-2-build-windows-amd64-cygwin\jdk8u73\6086\hotspot\src\share\vm\oops\constantPool.cpp, line 235]
Event: 8.936 Thread 0x0000000002400800 Exception <a 'java/lang/NoClassDefFoundError': org/slf4j/Logger> (0x00000000d6c0dbc8) thrown at [D:\re\puppet\workspace\8-2-build-windows-amd64-cygwin\jdk8u73\6086\hotspot\src\share\vm\oops\constantPool.cpp, line 235]
Event: 9.042 Thread 0x0000000002400800 Exception <a 'java/lang/ClassNotFoundException': com/sun/tools/javac/api/JavacTool> (0x00000000d6ea4eb8) thrown at [D:\re\puppet\workspace\8-2-build-windows-amd64-cygwin\jdk8u73\6086\hotspot\src\share\vm\classfile\systemDictionary.cpp, line 210]
Event: 10.400 Thread 0x0000000002400800 Exception <a 'java/io/FileNotFoundException'> (0x00000000d947ead8) thrown at [D:\re\puppet\workspace\8-2-build-windows-amd64-cygwin\jdk8u73\6086\hotspot\src\share\vm\prims\jni.cpp, line 709]
Event: 10.415 Thread 0x0000000002400800 Exception <a 'java/io/FileNotFoundException'> (0x00000000d94b2ee8) thrown at [D:\re\puppet\workspace\8-2-build-windows-amd64-cygwin\jdk8u73\6086\hotspot\src\share\vm\prims\jni.cpp, line 709]

Events (10 events):
Event: 10.573 Thread 0x0000000002400800 DEOPT PACKING pc=0x0000000002e79dd4 sp=0x000000000232d540
Event: 10.573 Thread 0x0000000002400800 DEOPT UNPACKING pc=0x00000000025471bf sp=0x000000000232d280 mode 0
Event: 10.700 loading class com/sun/tools/javac/jvm/ClassReader$25
Event: 10.700 loading class com/sun/tools/javac/jvm/ClassReader$25 done
Event: 10.702 loading class com/sun/tools/javac/code/TargetType
Event: 10.702 loading class com/sun/tools/javac/code/TargetType done
Event: 10.704 loading class com/sun/tools/javac/comp/AttrContext
Event: 10.704 loading class com/sun/tools/javac/comp/AttrContext done
Event: 10.705 loading class com/sun/tools/javac/code/Scope$ImportScope$1
Event: 10.705 loading class com/sun/tools/javac/code/Scope$ImportScope$1 done


Dynamic libraries:
0x00007ff6efcc0000 - 0x00007ff6efcf7000 	C:\Program Files\Java\jdk1.8.0_73\bin\java.exe
0x00007ffc34d60000 - 0x00007ffc34f21000 	C:\Windows\SYSTEM32\ntdll.dll
0x00007ffc33130000 - 0x00007ffc331dd000 	C:\Windows\system32\KERNEL32.DLL
0x00007ffc31410000 - 0x00007ffc315f8000 	C:\Windows\system32\KERNELBASE.dll
0x00007ffc2fb70000 - 0x00007ffc2fbe9000 	C:\Windows\system32\apphelp.dll
0x00007ffc321a0000 - 0x00007ffc32247000 	C:\Windows\system32\ADVAPI32.dll
0x00007ffc32ab0000 - 0x00007ffc32b4d000 	C:\Windows\system32\msvcrt.dll
0x00007ffc34980000 - 0x00007ffc349db000 	C:\Windows\system32\sechost.dll
0x00007ffc32990000 - 0x00007ffc32aac000 	C:\Windows\system32\RPCRT4.dll
0x00007ffc32830000 - 0x00007ffc32986000 	C:\Windows\system32\USER32.dll
0x00007ffc32b50000 - 0x00007ffc32cd6000 	C:\Windows\system32\GDI32.dll
0x00007ffc2b580000 - 0x00007ffc2b7f4000 	C:\Windows\WinSxS\amd64_microsoft.windows.common-controls_6595b64144ccf1df_6.0.10586.0_none_8c15ae12515e1c22\COMCTL32.dll
0x00007ffc32380000 - 0x00007ffc325fd000 	C:\Windows\system32\combase.dll
0x00007ffc31d30000 - 0x00007ffc31d9a000 	C:\Windows\system32\bcryptPrimitives.dll
0x00007ffc32160000 - 0x00007ffc3219b000 	C:\Windows\system32\IMM32.DLL
0x000000006a990000 - 0x000000006aa62000 	C:\Program Files\Java\jdk1.8.0_73\jre\bin\msvcr100.dll
0x0000000069910000 - 0x000000006a1a0000 	C:\Program Files\Java\jdk1.8.0_73\jre\bin\server\jvm.dll
0x00007ffc33110000 - 0x00007ffc33118000 	C:\Windows\system32\PSAPI.DLL
0x00007ffc25560000 - 0x00007ffc25569000 	C:\Windows\SYSTEM32\WSOCK32.dll
0x00007ffc347c0000 - 0x00007ffc3482b000 	C:\Windows\system32\WS2_32.dll
0x00007ffc2f780000 - 0x00007ffc2f7a3000 	C:\Windows\SYSTEM32\WINMM.dll
0x00007ffc2d6b0000 - 0x00007ffc2d6ba000 	C:\Windows\SYSTEM32\VERSION.dll
0x00007ffc2f720000 - 0x00007ffc2f74c000 	C:\Windows\SYSTEM32\WINMMBASE.dll
0x00007ffc31690000 - 0x00007ffc316d3000 	C:\Windows\system32\cfgmgr32.dll
0x000000006a980000 - 0x000000006a98f000 	C:\Program Files\Java\jdk1.8.0_73\jre\bin\verify.dll
0x000000006a950000 - 0x000000006a979000 	C:\Program Files\Java\jdk1.8.0_73\jre\bin\java.dll
0x000000006a930000 - 0x000000006a946000 	C:\Program Files\Java\jdk1.8.0_73\jre\bin\zip.dll
0x00007ffc33200000 - 0x00007ffc3475c000 	C:\Windows\system32\SHELL32.dll
0x00007ffc316e0000 - 0x00007ffc31d25000 	C:\Windows\system32\windows.storage.dll
0x00007ffc34bf0000 - 0x00007ffc34c42000 	C:\Windows\system32\shlwapi.dll
0x00007ffc31380000 - 0x00007ffc3138f000 	C:\Windows\system32\kernel.appcore.dll
0x00007ffc320a0000 - 0x00007ffc32155000 	C:\Windows\system32\shcore.dll
0x00007ffc313c0000 - 0x00007ffc3140b000 	C:\Windows\system32\powrprof.dll
0x00007ffc31390000 - 0x00007ffc313a4000 	C:\Windows\system32\profapi.dll
0x000000006a910000 - 0x000000006a92a000 	C:\Program Files\Java\jdk1.8.0_73\jre\bin\net.dll
0x00007ffc30cb0000 - 0x00007ffc30d0c000 	C:\Windows\system32\mswsock.dll
0x000000006a8f0000 - 0x000000006a901000 	C:\Program Files\Java\jdk1.8.0_73\jre\bin\nio.dll
0x00007ffc0d430000 - 0x00007ffc0d5bc000 	C:\Windows\SYSTEM32\dbghelp.dll

VM Arguments:
jvm_args: -Dmaven.home=C:\Program Files (x86)\JetBrains\IntelliJ IDEA 15.0.3\plugins\maven\lib\maven3 -Dclassworlds.conf=C:\Program Files (x86)\JetBrains\IntelliJ IDEA 15.0.3\plugins\maven\lib\maven3\bin\m2.conf -Dfile.encoding=UTF-8 
java_command: org.codehaus.classworlds.Launcher -Didea.version=15.0.4 clean compile install -PMySQL
java_class_path (initial): C:\Program Files (x86)\JetBrains\IntelliJ IDEA 15.0.3\plugins\maven\lib\maven3\boot\plexus-classworlds-2.4.jar
Launcher Type: SUN_STANDARD

Environment Variables:
PATH=C:\ProgramData\Oracle\Java\javapath;C:\Program Files (x86)\NVIDIA Corporation\PhysX\Common;C:\Windows\system32;C:\Windows;C:\Windows\System32\Wbem;C:\Windows\System32\WindowsPowerShell\v1.0\;C:\Program Files\TortoiseSVN\bin;C:\Program Files (x86)\Skype\Phone\;C:\Program Files (x86)\Brackets\command;C:\Users\Vytautas\AppData\Local\atom\bin
USERNAME=Vytautas
OS=Windows_NT
PROCESSOR_IDENTIFIER=Intel64 Family 6 Model 15 Stepping 11, GenuineIntel



---------------  S Y S T E M  ---------------

OS: Windows 10.0 , 64 bit Build 10586 (10.0.10586.0)

CPU:total 4 (4 cores per cpu, 1 threads per core) family 6 model 15 stepping 11, cmov, cx8, fxsr, mmx, sse, sse2, sse3, ssse3, tsc

Memory: 4k page, physical 8386868k(3716432k free), swap 9697588k(2968624k free)

vm_info: Java HotSpot(TM) 64-Bit Server VM (25.73-b02) for windows-amd64 JRE (1.8.0_73-b02), built on Jan 29 2016 17:38:49 by "java_re" with MS VC++ 10.0 (VS2010)

time: Mon Mar 07 22:55:58 2016
elapsed time: 10 seconds (0d 0h 0m 10s)

