#
# A fatal error has been detected by the Java Runtime Environment:
#
#  EXCEPTION_ACCESS_VIOLATION (0xc0000005) at pc=0xffffffffa3605120, pid=4160, tid=9000
#
# JRE version: Java(TM) SE Runtime Environment (8.0_73-b02) (build 1.8.0_73-b02)
# Java VM: Java HotSpot(TM) 64-Bit Server VM (25.73-b02 mixed mode windows-amd64 compressed oops)
# Problematic frame:
# C  0xffffffffa3605120
#
# Failed to write core dump. Minidumps are not enabled by default on client versions of Windows
#
# If you would like to submit a bug report, please visit:
#   http://bugreport.java.com/bugreport/crash.jsp
#

---------------  T H R E A D  ---------------

Current thread (0x0000000002480800):  JavaThread "main" [_thread_in_Java, id=9000, stack(0x0000000000c00000,0x0000000000d00000)]

siginfo: ExceptionCode=0xc0000005, ExceptionInformation=0x0000000000000008 0xffffffffa3605120

Registers:
RAX=0x000000001bd9b848, RBX=0x000000001bd9b848, RCX=0x00000000d59155c8, RDX=0x00000000d59155c8
RSP=0x0000000000cfd148, RBP=0x0000000000cfd1a8, RSI=0x0000000000000118, RDI=0x0000000000000e7a
R8 =0x00000000d59155e0, R9 =0x00000000d5915a60, R10=0x000000006aaa3190, R11=0x000000000271b540
R12=0x0000000000000000, R13=0x0000000000cfd158, R14=0x0000000000000000, R15=0x0000000002480800
RIP=0xffffffffa3605120, EFLAGS=0x0000000000010206

Top of Stack: (sp=0x0000000000cfd148)
0x0000000000cfd148:   00000000026077b0 00000000026077b0
0x0000000000cfd158:   00000000d59155e0 00000000d59155c8
0x0000000000cfd168:   0000000000cfd168 000000001bd9b9bb
0x0000000000cfd178:   0000000000cfd1d8 000000001bd9d3c8
0x0000000000cfd188:   0000000000000000 000000001bd9b9e0
0x0000000000cfd198:   0000000000cfd158 0000000000cfd1d0
0x0000000000cfd1a8:   0000000000cfd220 00000000026077b0
0x0000000000cfd1b8:   00000000d59155c8 00000000d59155b0
0x0000000000cfd1c8:   00000000d59155e0 00000000d5914f50
0x0000000000cfd1d8:   00000000d59154d8 0000000000cfd1e0
0x0000000000cfd1e8:   000000001bd9bb75 0000000000cfd238
0x0000000000cfd1f8:   000000001bd9d3c8 0000000000000000
0x0000000000cfd208:   000000001bd9bb80 0000000000cfd1d0
0x0000000000cfd218:   0000000000cfd230 0000000000cfd288
0x0000000000cfd228:   00000000026077b0 0000000080b33220
0x0000000000cfd238:   00000000d5914f50 0000000080937e30 

Instructions: (pc=0xffffffffa3605120)
0xffffffffa3605100:   
[error occurred during error reporting (printing registers, top of stack, instructions near pc), id 0xc0000005]

Register to memory mapping:

RAX={method} {0x000000001bd9b850} 'setTail' '(Lcom/sun/tools/javac/util/List;)Lcom/sun/tools/javac/util/List;' in 'com/sun/tools/javac/util/List'
RBX={method} {0x000000001bd9b850} 'setTail' '(Lcom/sun/tools/javac/util/List;)Lcom/sun/tools/javac/util/List;' in 'com/sun/tools/javac/util/List'
RCX=0x00000000d59155c8 is an oop
com.sun.tools.javac.util.List 
 - klass: 'com/sun/tools/javac/util/List'
RDX=0x00000000d59155c8 is an oop
com.sun.tools.javac.util.List 
 - klass: 'com/sun/tools/javac/util/List'
RSP=0x0000000000cfd148 is pointing into the stack for thread: 0x0000000002480800
RBP=0x0000000000cfd1a8 is pointing into the stack for thread: 0x0000000002480800
RSI=0x0000000000000118 is an unknown value
RDI=0x0000000000000e7a is an unknown value
R8 =0x00000000d59155e0 is an oop
com.sun.tools.javac.util.List 
 - klass: 'com/sun/tools/javac/util/List'
R9 =0x00000000d5915a60 is an oop
com.sun.tools.javac.util.List 
 - klass: 'com/sun/tools/javac/util/List'
R10=0x000000006aaa3190 is an unknown value
R11=0x000000000271b540 is at entry_point+32 in (nmethod*)0x000000000271b3d0
R12=0x0000000000000000 is an unknown value
R13=0x0000000000cfd158 is pointing into the stack for thread: 0x0000000002480800
R14=0x0000000000000000 is an unknown value
R15=0x0000000002480800 is a thread


Stack: [0x0000000000c00000,0x0000000000d00000],  sp=0x0000000000cfd148,  free space=1012k
Native frames: (J=compiled Java code, j=interpreted, Vv=VM code, C=native code)
C  0xffffffffa3605120


---------------  P R O C E S S  ---------------

Java Threads: ( => current thread )
  0x0000000017235800 JavaThread "Service Thread" daemon [_thread_blocked, id=4720, stack(0x0000000018f60000,0x0000000019060000)]
  0x0000000017225000 JavaThread "C1 CompilerThread2" daemon [_thread_blocked, id=8452, stack(0x0000000018a60000,0x0000000018b60000)]
  0x0000000017222000 JavaThread "C2 CompilerThread1" daemon [_thread_blocked, id=4248, stack(0x0000000018960000,0x0000000018a60000)]
  0x000000001721e800 JavaThread "C2 CompilerThread0" daemon [_thread_blocked, id=9036, stack(0x0000000018860000,0x0000000018960000)]
  0x000000001721d000 JavaThread "Attach Listener" daemon [_thread_blocked, id=6832, stack(0x0000000018760000,0x0000000018860000)]
  0x000000001721c000 JavaThread "Signal Dispatcher" daemon [_thread_blocked, id=6036, stack(0x0000000018660000,0x0000000018760000)]
  0x0000000002578000 JavaThread "Finalizer" daemon [_thread_blocked, id=728, stack(0x0000000018480000,0x0000000018580000)]
  0x00000000171e9000 JavaThread "Reference Handler" daemon [_thread_blocked, id=4176, stack(0x0000000018380000,0x0000000018480000)]
=>0x0000000002480800 JavaThread "main" [_thread_in_Java, id=9000, stack(0x0000000000c00000,0x0000000000d00000)]

Other Threads:
  0x00000000171e7800 VMThread [stack: 0x0000000018280000,0x0000000018380000] [id=5848]
  0x0000000017238000 WatcherThread [stack: 0x0000000019060000,0x0000000019160000] [id=7796]

VM state:not at safepoint (normal execution)

VM Mutex/Monitor currently owned by a thread: None

Heap:
 PSYoungGen      total 71680K, used 9168K [0x00000000d5580000, 0x00000000df080000, 0x0000000100000000)
  eden space 66560K, 6% used [0x00000000d5580000,0x00000000d5978298,0x00000000d9680000)
  from space 5120K, 99% used [0x00000000d9680000,0x00000000d9b7bf48,0x00000000d9b80000)
  to   space 12800K, 0% used [0x00000000de400000,0x00000000de400000,0x00000000df080000)
 ParOldGen       total 87552K, used 13564K [0x0000000080000000, 0x0000000085580000, 0x00000000d5580000)
  object space 87552K, 15% used [0x0000000080000000,0x0000000080d3f2f8,0x0000000085580000)
 Metaspace       used 17946K, capacity 18306K, committed 18432K, reserved 1064960K
  class space    used 2175K, capacity 2284K, committed 2304K, reserved 1048576K

Card table byte_map: [0x00000000119c0000,0x0000000011dd0000] byte_map_base: 0x00000000115c0000

Marking Bits: (ParMarkBitMap*) 0x000000006aac0600
 Begin Bits: [0x0000000012480000, 0x0000000014480000)
 End Bits:   [0x0000000014480000, 0x0000000016480000)

Polling page: 0x0000000000430000

CodeCache: size=245760Kb used=9849Kb max_used=9849Kb free=235910Kb
 bounds [0x0000000002600000, 0x0000000002fb0000, 0x0000000011600000]
 total_blobs=3067 nmethods=2716 adapters=265
 compilation: enabled

Compilation events (10 events):
Event: 10.603 Thread 0x0000000017225000 2732       3       com.sun.tools.javac.file.JavacFileManager::listArchive (131 bytes)
Event: 10.604 Thread 0x0000000017225000 nmethod 2732 0x0000000002fa5210 code [0x0000000002fa5480, 0x0000000002fa61d8]
Event: 10.605 Thread 0x0000000017225000 2733       1       com.sun.tools.javac.file.ZipFileIndex::access$800 (5 bytes)
Event: 10.605 Thread 0x0000000017225000 nmethod 2733 0x000000000270cc10 code [0x000000000270cd60, 0x000000000270ce50]
Event: 10.605 Thread 0x0000000017225000 2734       3       com.sun.tools.javac.util.List::setTail (7 bytes)
Event: 10.605 Thread 0x0000000017225000 nmethod 2734 0x000000000271b3d0 code [0x000000000271b520, 0x000000000271b690]
Event: 10.605 Thread 0x0000000017225000 2735       3       com.sun.tools.javac.util.List::isEmpty (13 bytes)
Event: 10.605 Thread 0x0000000017225000 nmethod 2735 0x0000000002f9df10 code [0x0000000002f9e060, 0x0000000002f9e210]
Event: 10.605 Thread 0x0000000017225000 2736       1       com.sun.tools.javac.util.List::setTail (7 bytes)
Event: 10.605 Thread 0x0000000017225000 nmethod 2736 0x0000000002f9f990 code [0x0000000002f9fae0, 0x0000000002f9fc10]

GC Heap History (10 events):
Event: 1.802 GC heap before
{Heap before GC invocations=1 (full 0):
 PSYoungGen      total 38400K, used 33280K [0x00000000d5580000, 0x00000000d8000000, 0x0000000100000000)
  eden space 33280K, 100% used [0x00000000d5580000,0x00000000d7600000,0x00000000d7600000)
  from space 5120K, 0% used [0x00000000d7b00000,0x00000000d7b00000,0x00000000d8000000)
  to   space 5120K, 0% used [0x00000000d7600000,0x00000000d7600000,0x00000000d7b00000)
 ParOldGen       total 87552K, used 0K [0x0000000080000000, 0x0000000085580000, 0x00000000d5580000)
  object space 87552K, 0% used [0x0000000080000000,0x0000000080000000,0x0000000085580000)
 Metaspace       used 7598K, capacity 7790K, committed 7936K, reserved 1056768K
  class space    used 950K, capacity 1021K, committed 1024K, reserved 1048576K
Event: 1.819 GC heap after
Heap after GC invocations=1 (full 0):
 PSYoungGen      total 38400K, used 4452K [0x00000000d5580000, 0x00000000d8000000, 0x0000000100000000)
  eden space 33280K, 0% used [0x00000000d5580000,0x00000000d5580000,0x00000000d7600000)
  from space 5120K, 86% used [0x00000000d7600000,0x00000000d7a59220,0x00000000d7b00000)
  to   space 5120K, 0% used [0x00000000d7b00000,0x00000000d7b00000,0x00000000d8000000)
 ParOldGen       total 87552K, used 8K [0x0000000080000000, 0x0000000085580000, 0x00000000d5580000)
  object space 87552K, 0% used [0x0000000080000000,0x0000000080002000,0x0000000085580000)
 Metaspace       used 7598K, capacity 7790K, committed 7936K, reserved 1056768K
  class space    used 950K, capacity 1021K, committed 1024K, reserved 1048576K
}
Event: 3.365 GC heap before
{Heap before GC invocations=2 (full 0):
 PSYoungGen      total 38400K, used 37732K [0x00000000d5580000, 0x00000000d8000000, 0x0000000100000000)
  eden space 33280K, 100% used [0x00000000d5580000,0x00000000d7600000,0x00000000d7600000)
  from space 5120K, 86% used [0x00000000d7600000,0x00000000d7a59220,0x00000000d7b00000)
  to   space 5120K, 0% used [0x00000000d7b00000,0x00000000d7b00000,0x00000000d8000000)
 ParOldGen       total 87552K, used 8K [0x0000000080000000, 0x0000000085580000, 0x00000000d5580000)
  object space 87552K, 0% used [0x0000000080000000,0x0000000080002000,0x0000000085580000)
 Metaspace       used 12118K, capacity 12304K, committed 12672K, reserved 1060864K
  class space    used 1486K, capacity 1543K, committed 1664K, reserved 1048576K
Event: 3.394 GC heap after
Heap after GC invocations=2 (full 0):
 PSYoungGen      total 38400K, used 5098K [0x00000000d5580000, 0x00000000da080000, 0x0000000100000000)
  eden space 33280K, 0% used [0x00000000d5580000,0x00000000d5580000,0x00000000d7600000)
  from space 5120K, 99% used [0x00000000d7b00000,0x00000000d7ffa908,0x00000000d8000000)
  to   space 5120K, 0% used [0x00000000d7600000,0x00000000d7600000,0x00000000d7b00000)
 ParOldGen       total 87552K, used 2262K [0x0000000080000000, 0x0000000085580000, 0x00000000d5580000)
  object space 87552K, 2% used [0x0000000080000000,0x0000000080235bf0,0x0000000085580000)
 Metaspace       used 12118K, capacity 12304K, committed 12672K, reserved 1060864K
  class space    used 1486K, capacity 1543K, committed 1664K, reserved 1048576K
}
Event: 5.087 GC heap before
{Heap before GC invocations=3 (full 0):
 PSYoungGen      total 38400K, used 38378K [0x00000000d5580000, 0x00000000da080000, 0x0000000100000000)
  eden space 33280K, 100% used [0x00000000d5580000,0x00000000d7600000,0x00000000d7600000)
  from space 5120K, 99% used [0x00000000d7b00000,0x00000000d7ffa908,0x00000000d8000000)
  to   space 5120K, 0% used [0x00000000d7600000,0x00000000d7600000,0x00000000d7b00000)
 ParOldGen       total 87552K, used 2262K [0x0000000080000000, 0x0000000085580000, 0x00000000d5580000)
  object space 87552K, 2% used [0x0000000080000000,0x0000000080235bf0,0x0000000085580000)
 Metaspace       used 12888K, capacity 13082K, committed 13184K, reserved 1060864K
  class space    used 1571K, capacity 1650K, committed 1664K, reserved 1048576K
Event: 5.116 GC heap after
Heap after GC invocations=3 (full 0):
 PSYoungGen      total 38400K, used 5104K [0x00000000d5580000, 0x00000000da080000, 0x0000000100000000)
  eden space 33280K, 0% used [0x00000000d5580000,0x00000000d5580000,0x00000000d7600000)
  from space 5120K, 99% used [0x00000000d7600000,0x00000000d7afc030,0x00000000d7b00000)
  to   space 5120K, 0% used [0x00000000d9b80000,0x00000000d9b80000,0x00000000da080000)
 ParOldGen       total 87552K, used 3274K [0x0000000080000000, 0x0000000085580000, 0x00000000d5580000)
  object space 87552K, 3% used [0x0000000080000000,0x0000000080332828,0x0000000085580000)
 Metaspace       used 12888K, capacity 13082K, committed 13184K, reserved 1060864K
  class space    used 1571K, capacity 1650K, committed 1664K, reserved 1048576K
}
Event: 6.694 GC heap before
{Heap before GC invocations=4 (full 0):
 PSYoungGen      total 38400K, used 38384K [0x00000000d5580000, 0x00000000da080000, 0x0000000100000000)
  eden space 33280K, 100% used [0x00000000d5580000,0x00000000d7600000,0x00000000d7600000)
  from space 5120K, 99% used [0x00000000d7600000,0x00000000d7afc030,0x00000000d7b00000)
  to   space 5120K, 0% used [0x00000000d9b80000,0x00000000d9b80000,0x00000000da080000)
 ParOldGen       total 87552K, used 3274K [0x0000000080000000, 0x0000000085580000, 0x00000000d5580000)
  object space 87552K, 3% used [0x0000000080000000,0x0000000080332828,0x0000000085580000)
 Metaspace       used 13444K, capacity 13656K, committed 13824K, reserved 1060864K
  class space    used 1611K, capacity 1691K, committed 1792K, reserved 1048576K
Event: 6.731 GC heap after
Heap after GC invocations=4 (full 0):
 PSYoungGen      total 71680K, used 5088K [0x00000000d5580000, 0x00000000da080000, 0x0000000100000000)
  eden space 66560K, 0% used [0x00000000d5580000,0x00000000d5580000,0x00000000d9680000)
  from space 5120K, 99% used [0x00000000d9b80000,0x00000000da078040,0x00000000da080000)
  to   space 5120K, 0% used [0x00000000d9680000,0x00000000d9680000,0x00000000d9b80000)
 ParOldGen       total 87552K, used 4957K [0x0000000080000000, 0x0000000085580000, 0x00000000d5580000)
  object space 87552K, 5% used [0x0000000080000000,0x00000000804d77c8,0x0000000085580000)
 Metaspace       used 13444K, capacity 13656K, committed 13824K, reserved 1060864K
  class space    used 1611K, capacity 1691K, committed 1792K, reserved 1048576K
}
Event: 10.444 GC heap before
{Heap before GC invocations=5 (full 0):
 PSYoungGen      total 71680K, used 71648K [0x00000000d5580000, 0x00000000da080000, 0x0000000100000000)
  eden space 66560K, 100% used [0x00000000d5580000,0x00000000d9680000,0x00000000d9680000)
  from space 5120K, 99% used [0x00000000d9b80000,0x00000000da078040,0x00000000da080000)
  to   space 5120K, 0% used [0x00000000d9680000,0x00000000d9680000,0x00000000d9b80000)
 ParOldGen       total 87552K, used 4957K [0x0000000080000000, 0x0000000085580000, 0x00000000d5580000)
  object space 87552K, 5% used [0x0000000080000000,0x00000000804d77c8,0x0000000085580000)
 Metaspace       used 17901K, capacity 18178K, committed 18432K, reserved 1064960K
  class space    used 2172K, capacity 2284K, committed 2304K, reserved 1048576K
Event: 10.507 GC heap after
Heap after GC invocations=5 (full 0):
 PSYoungGen      total 71680K, used 5103K [0x00000000d5580000, 0x00000000df080000, 0x0000000100000000)
  eden space 66560K, 0% used [0x00000000d5580000,0x00000000d5580000,0x00000000d9680000)
  from space 5120K, 99% used [0x00000000d9680000,0x00000000d9b7bf48,0x00000000d9b80000)
  to   space 12800K, 0% used [0x00000000de400000,0x00000000de400000,0x00000000df080000)
 ParOldGen       total 87552K, used 13564K [0x0000000080000000, 0x0000000085580000, 0x00000000d5580000)
  object space 87552K, 15% used [0x0000000080000000,0x0000000080d3f2f8,0x0000000085580000)
 Metaspace       used 17901K, capacity 18178K, committed 18432K, reserved 1064960K
  class space    used 2172K, capacity 2284K, committed 2304K, reserved 1048576K
}

Deoptimization events (10 events):
Event: 9.492 Thread 0x0000000002480800 Uncommon trap: reason=class_check action=maybe_recompile pc=0x00000000027b5358 method=sun.misc.URLClassPath.getLoader(I)Lsun/misc/URLClassPath$Loader; @ 94
Event: 9.523 Thread 0x0000000002480800 Uncommon trap: reason=unstable_if action=reinterpret pc=0x00000000027be1cc method=sun.misc.URLClassPath$JarLoader.getResource(Ljava/lang/String;Z)Lsun/misc/Resource; @ 62
Event: 9.539 Thread 0x0000000002480800 Uncommon trap: reason=class_check action=maybe_recompile pc=0x00000000027b5358 method=sun.misc.URLClassPath.getLoader(I)Lsun/misc/URLClassPath$Loader; @ 94
Event: 9.565 Thread 0x0000000002480800 Uncommon trap: reason=unstable_if action=reinterpret pc=0x0000000002df9fb0 method=java.util.regex.Pattern.clazz(Z)Ljava/util/regex/Pattern$CharProperty; @ 361
Event: 9.565 Thread 0x0000000002480800 Uncommon trap: reason=bimorphic action=maybe_recompile pc=0x0000000002c64540 method=java.util.regex.Pattern$BmpCharProperty.match(Ljava/util/regex/Matcher;ILjava/lang/CharSequence;)Z @ 16
Event: 9.565 Thread 0x0000000002480800 Uncommon trap: reason=bimorphic action=maybe_recompile pc=0x0000000002c64540 method=java.util.regex.Pattern$BmpCharProperty.match(Ljava/util/regex/Matcher;ILjava/lang/CharSequence;)Z @ 16
Event: 9.565 Thread 0x0000000002480800 Uncommon trap: reason=bimorphic action=maybe_recompile pc=0x0000000002c64540 method=java.util.regex.Pattern$BmpCharProperty.match(Ljava/util/regex/Matcher;ILjava/lang/CharSequence;)Z @ 16
Event: 9.565 Thread 0x0000000002480800 Uncommon trap: reason=bimorphic action=maybe_recompile pc=0x0000000002c64540 method=java.util.regex.Pattern$BmpCharProperty.match(Ljava/util/regex/Matcher;ILjava/lang/CharSequence;)Z @ 16
Event: 9.950 Thread 0x0000000002480800 Uncommon trap: reason=unstable_if action=reinterpret pc=0x0000000002f0a934 method=java.util.jar.Attributes$Name.isDigit(C)Z @ 3
Event: 10.422 Thread 0x0000000002480800 Uncommon trap: reason=unstable_if action=reinterpret pc=0x0000000002d1466c method=java.io.WinNTFileSystem.normalize(Ljava/lang/String;)Ljava/lang/String; @ 128

Internal exceptions (10 events):
Event: 3.224 Thread 0x0000000002480800 Implicit null exception at 0x00000000029aab95 to 0x00000000029aad6d
Event: 3.224 Thread 0x0000000002480800 Implicit null exception at 0x00000000028155ef to 0x0000000002815659
Event: 3.407 Thread 0x0000000002480800 Implicit null exception at 0x0000000002ae439c to 0x0000000002ae5381
Event: 4.454 Thread 0x0000000002480800 Implicit null exception at 0x000000000297a73b to 0x000000000297ae3d
Event: 4.791 Thread 0x0000000002480800 Exception <a 'java/lang/NoClassDefFoundError': org/slf4j/Logger> (0x00000000d706af08) thrown at [D:\re\puppet\workspace\8-2-build-windows-amd64-cygwin\jdk8u73\6086\hotspot\src\share\vm\oops\constantPool.cpp, line 235]
Event: 5.905 Thread 0x0000000002480800 Exception <a 'java/lang/NoClassDefFoundError': org/slf4j/Logger> (0x00000000d607dd58) thrown at [D:\re\puppet\workspace\8-2-build-windows-amd64-cygwin\jdk8u73\6086\hotspot\src\share\vm\oops\constantPool.cpp, line 235]
Event: 7.608 Thread 0x0000000002480800 Exception <a 'java/lang/NoClassDefFoundError': org/slf4j/Logger> (0x00000000d6a3ce48) thrown at [D:\re\puppet\workspace\8-2-build-windows-amd64-cygwin\jdk8u73\6086\hotspot\src\share\vm\oops\constantPool.cpp, line 235]
Event: 7.750 Thread 0x0000000002480800 Exception <a 'java/lang/ClassNotFoundException': com/sun/tools/javac/api/JavacTool> (0x00000000d6c80bf8) thrown at [D:\re\puppet\workspace\8-2-build-windows-amd64-cygwin\jdk8u73\6086\hotspot\src\share\vm\classfile\systemDictionary.cpp, line 210]
Event: 10.318 Thread 0x0000000002480800 Exception <a 'java/io/FileNotFoundException'> (0x00000000d9214fb0) thrown at [D:\re\puppet\workspace\8-2-build-windows-amd64-cygwin\jdk8u73\6086\hotspot\src\share\vm\prims\jni.cpp, line 709]
Event: 10.379 Thread 0x0000000002480800 Exception <a 'java/io/FileNotFoundException'> (0x00000000d92493a8) thrown at [D:\re\puppet\workspace\8-2-build-windows-amd64-cygwin\jdk8u73\6086\hotspot\src\share\vm\prims\jni.cpp, line 709]

Events (10 events):
Event: 10.543 Thread 0x0000000017225000 flushing nmethod 0x000000000271b2d0
Event: 10.543 Thread 0x0000000017225000 flushing nmethod 0x000000000271b7d0
Event: 10.572 loading class com/sun/tools/javac/jvm/ClassReader$25
Event: 10.572 loading class com/sun/tools/javac/jvm/ClassReader$25 done
Event: 10.573 loading class com/sun/tools/javac/code/TargetType
Event: 10.573 loading class com/sun/tools/javac/code/TargetType done
Event: 10.579 loading class com/sun/tools/javac/comp/AttrContext
Event: 10.579 loading class com/sun/tools/javac/comp/AttrContext done
Event: 10.580 loading class com/sun/tools/javac/code/Scope$ImportScope$1
Event: 10.580 loading class com/sun/tools/javac/code/Scope$ImportScope$1 done


Dynamic libraries:
0x00007ff6efcc0000 - 0x00007ff6efcf7000 	C:\Program Files\Java\jdk1.8.0_73\bin\java.exe
0x00007ffc34d60000 - 0x00007ffc34f21000 	C:\Windows\SYSTEM32\ntdll.dll
0x00007ffc33130000 - 0x00007ffc331dd000 	C:\Windows\system32\KERNEL32.DLL
0x00007ffc31410000 - 0x00007ffc315f8000 	C:\Windows\system32\KERNELBASE.dll
0x00007ffc2fb70000 - 0x00007ffc2fbe9000 	C:\Windows\system32\apphelp.dll
0x00007ffc321a0000 - 0x00007ffc32247000 	C:\Windows\system32\ADVAPI32.dll
0x00007ffc32ab0000 - 0x00007ffc32b4d000 	C:\Windows\system32\msvcrt.dll
0x00007ffc34980000 - 0x00007ffc349db000 	C:\Windows\system32\sechost.dll
0x00007ffc32990000 - 0x00007ffc32aac000 	C:\Windows\system32\RPCRT4.dll
0x00007ffc32830000 - 0x00007ffc32986000 	C:\Windows\system32\USER32.dll
0x00007ffc32b50000 - 0x00007ffc32cd6000 	C:\Windows\system32\GDI32.dll
0x00007ffc2b580000 - 0x00007ffc2b7f4000 	C:\Windows\WinSxS\amd64_microsoft.windows.common-controls_6595b64144ccf1df_6.0.10586.0_none_8c15ae12515e1c22\COMCTL32.dll
0x00007ffc32380000 - 0x00007ffc325fd000 	C:\Windows\system32\combase.dll
0x00007ffc31d30000 - 0x00007ffc31d9a000 	C:\Windows\system32\bcryptPrimitives.dll
0x00007ffc32160000 - 0x00007ffc3219b000 	C:\Windows\system32\IMM32.DLL
0x000000006ab40000 - 0x000000006ac12000 	C:\Program Files\Java\jdk1.8.0_73\jre\bin\msvcr100.dll
0x000000006a2b0000 - 0x000000006ab40000 	C:\Program Files\Java\jdk1.8.0_73\jre\bin\server\jvm.dll
0x00007ffc33110000 - 0x00007ffc33118000 	C:\Windows\system32\PSAPI.DLL
0x00007ffc2d6b0000 - 0x00007ffc2d6ba000 	C:\Windows\SYSTEM32\VERSION.dll
0x00007ffc25560000 - 0x00007ffc25569000 	C:\Windows\SYSTEM32\WSOCK32.dll
0x00007ffc2f780000 - 0x00007ffc2f7a3000 	C:\Windows\SYSTEM32\WINMM.dll
0x00007ffc347c0000 - 0x00007ffc3482b000 	C:\Windows\system32\WS2_32.dll
0x00007ffc2f720000 - 0x00007ffc2f74c000 	C:\Windows\SYSTEM32\WINMMBASE.dll
0x00007ffc31690000 - 0x00007ffc316d3000 	C:\Windows\system32\cfgmgr32.dll
0x000000006a2a0000 - 0x000000006a2af000 	C:\Program Files\Java\jdk1.8.0_73\jre\bin\verify.dll
0x000000006a270000 - 0x000000006a299000 	C:\Program Files\Java\jdk1.8.0_73\jre\bin\java.dll
0x000000006a250000 - 0x000000006a266000 	C:\Program Files\Java\jdk1.8.0_73\jre\bin\zip.dll
0x00007ffc33200000 - 0x00007ffc3475c000 	C:\Windows\system32\SHELL32.dll
0x00007ffc316e0000 - 0x00007ffc31d25000 	C:\Windows\system32\windows.storage.dll
0x00007ffc34bf0000 - 0x00007ffc34c42000 	C:\Windows\system32\shlwapi.dll
0x00007ffc31380000 - 0x00007ffc3138f000 	C:\Windows\system32\kernel.appcore.dll
0x00007ffc320a0000 - 0x00007ffc32155000 	C:\Windows\system32\shcore.dll
0x00007ffc313c0000 - 0x00007ffc3140b000 	C:\Windows\system32\powrprof.dll
0x00007ffc31390000 - 0x00007ffc313a4000 	C:\Windows\system32\profapi.dll
0x000000006a230000 - 0x000000006a24a000 	C:\Program Files\Java\jdk1.8.0_73\jre\bin\net.dll
0x00007ffc30cb0000 - 0x00007ffc30d0c000 	C:\Windows\system32\mswsock.dll
0x000000006a210000 - 0x000000006a221000 	C:\Program Files\Java\jdk1.8.0_73\jre\bin\nio.dll
0x00007ffc0d430000 - 0x00007ffc0d5bc000 	C:\Windows\SYSTEM32\dbghelp.dll

VM Arguments:
jvm_args: -Dmaven.home=C:\Program Files (x86)\JetBrains\IntelliJ IDEA 15.0.3\plugins\maven\lib\maven3 -Dclassworlds.conf=C:\Program Files (x86)\JetBrains\IntelliJ IDEA 15.0.3\plugins\maven\lib\maven3\bin\m2.conf -Dfile.encoding=UTF-8 
java_command: org.codehaus.classworlds.Launcher -Didea.version=15.0.4 clean compile install -PMySQL
java_class_path (initial): C:\Program Files (x86)\JetBrains\IntelliJ IDEA 15.0.3\plugins\maven\lib\maven3\boot\plexus-classworlds-2.4.jar
Launcher Type: SUN_STANDARD

Environment Variables:
PATH=C:\ProgramData\Oracle\Java\javapath;C:\Program Files (x86)\NVIDIA Corporation\PhysX\Common;C:\Windows\system32;C:\Windows;C:\Windows\System32\Wbem;C:\Windows\System32\WindowsPowerShell\v1.0\;C:\Program Files\TortoiseSVN\bin;C:\Program Files (x86)\Skype\Phone\;C:\Program Files (x86)\Brackets\command;C:\Users\Vytautas\AppData\Local\atom\bin
USERNAME=Vytautas
OS=Windows_NT
PROCESSOR_IDENTIFIER=Intel64 Family 6 Model 15 Stepping 11, GenuineIntel



---------------  S Y S T E M  ---------------

OS: Windows 10.0 , 64 bit Build 10586 (10.0.10586.0)

CPU:total 4 (4 cores per cpu, 1 threads per core) family 6 model 15 stepping 11, cmov, cx8, fxsr, mmx, sse, sse2, sse3, ssse3, tsc

Memory: 4k page, physical 8386868k(4327764k free), swap 9697588k(4880144k free)

vm_info: Java HotSpot(TM) 64-Bit Server VM (25.73-b02) for windows-amd64 JRE (1.8.0_73-b02), built on Jan 29 2016 17:38:49 by "java_re" with MS VC++ 10.0 (VS2010)

time: Mon Mar 07 18:47:01 2016
elapsed time: 10 seconds (0d 0h 0m 10s)

