#
# A fatal error has been detected by the Java Runtime Environment:
#
#  EXCEPTION_ACCESS_VIOLATION (0xc0000005) at pc=0xffffffffa3665120, pid=4800, tid=1656
#
# JRE version: Java(TM) SE Runtime Environment (8.0_73-b02) (build 1.8.0_73-b02)
# Java VM: Java HotSpot(TM) 64-Bit Server VM (25.73-b02 mixed mode windows-amd64 compressed oops)
# Problematic frame:
# C  0xffffffffa3665120
#
# Failed to write core dump. Minidumps are not enabled by default on client versions of Windows
#
# If you would like to submit a bug report, please visit:
#   http://bugreport.java.com/bugreport/crash.jsp
#

---------------  T H R E A D  ---------------

Current thread (0x0000000002560800):  JavaThread "main" [_thread_in_Java, id=1656, stack(0x0000000002460000,0x0000000002560000)]

siginfo: ExceptionCode=0xc0000005, ExceptionInformation=0x0000000000000008 0xffffffffa3665120

Registers:
RAX=0x00000000d6749260, RBX=0x000000001ecd4a88, RCX=0x0000000000000070, RDX=0x00000000d65351e8
RSP=0x000000000255e018, RBP=0x000000000255e0e8, RSI=0x0000000000000022, RDI=0x0000000000000001
R8 =0x00000000d6749260, R9 =0x0000000000000001, R10=0x00000000d6750160, R11=0x0000000000000009
R12=0x0000000000000000, R13=0x0000000000000005, R14=0x00000000d6750148, R15=0x0000000002560800
RIP=0xffffffffa3665120, EFLAGS=0x0000000000010206

Top of Stack: (sp=0x000000000255e018)
0x000000000255e018:   0000000002b861d4 0000000002667200
0x000000000255e028:   0000000000000001 00000000d6749260
0x000000000255e038:   00000000802fcd70 000000000255e040
0x000000000255e048:   000000001ecad7ee 000000000255e0a0
0x000000000255e058:   000000001ecd0fa8 0000000000000022
0x000000000255e068:   00000000d6749260 00000000d6534850
0x000000000255e078:   000000000255e098 000000000255e0e8
0x000000000255e088:   0000000002667200 0000000002667200
0x000000000255e098:   00000000d6749260 00000000d6534850
0x000000000255e0a8:   000000000255e0a8 000000001ecab7f1
0x000000000255e0b8:   000000000255e138 000000001ecd1428
0x000000000255e0c8:   0000000000000000 000000001ecab948
0x000000000255e0d8:   000000000255e098 000000000255e120
0x000000000255e0e8:   000000000255e180 0000000002667a2d
0x000000000255e0f8:   0000000000000000 00000000d6749278
0x000000000255e108:   00000000d6749260 0000000000000001 

Instructions: (pc=0xffffffffa3665120)
0xffffffffa3665100:   
[error occurred during error reporting (printing registers, top of stack, instructions near pc), id 0xc0000005]

Register to memory mapping:

RAX=0x00000000d6749260 is an oop
java.lang.String 
 - klass: 'java/lang/String'
RBX=0x000000001ecd4a88 is pointing into metadata
RCX=0x0000000000000070 is an unknown value
RDX=0x00000000d65351e8 is an oop
java.lang.String 
 - klass: 'java/lang/String'
RSP=0x000000000255e018 is pointing into the stack for thread: 0x0000000002560800
RBP=0x000000000255e0e8 is pointing into the stack for thread: 0x0000000002560800
RSI=0x0000000000000022 is an unknown value
RDI=0x0000000000000001 is an unknown value
R8 =0x00000000d6749260 is an oop
java.lang.String 
 - klass: 'java/lang/String'
R9 =0x0000000000000001 is an unknown value
R10=0x00000000d6750160 is an oop
[C 
 - klass: {type array char}
 - length: 18
R11=0x0000000000000009 is an unknown value
R12=0x0000000000000000 is an unknown value
R13=0x0000000000000005 is an unknown value
R14=0x00000000d6750148 is an oop

[error occurred during error reporting (printing register info), id 0xc0000005]

Stack: [0x0000000002460000,0x0000000002560000],  sp=0x000000000255e018,  free space=1016k
Native frames: (J=compiled Java code, j=interpreted, Vv=VM code, C=native code)
C  0xffffffffa3665120


---------------  P R O C E S S  ---------------

Java Threads: ( => current thread )
  0x0000000019d4b000 JavaThread "resolver-4" daemon [_thread_blocked, id=7368, stack(0x000000001e750000,0x000000001e850000)]
  0x0000000019d4a800 JavaThread "resolver-3" daemon [_thread_blocked, id=8764, stack(0x000000001d680000,0x000000001d780000)]
  0x0000000019f24800 JavaThread "resolver-2" daemon [_thread_blocked, id=8312, stack(0x000000001d580000,0x000000001d680000)]
  0x0000000019f24000 JavaThread "resolver-1" daemon [_thread_blocked, id=7484, stack(0x000000001d200000,0x000000001d300000)]
  0x00000000172de800 JavaThread "Service Thread" daemon [_thread_blocked, id=8696, stack(0x0000000018fb0000,0x00000000190b0000)]
  0x0000000017289800 JavaThread "C1 CompilerThread2" daemon [_thread_blocked, id=7468, stack(0x0000000018ab0000,0x0000000018bb0000)]
  0x0000000017282800 JavaThread "C2 CompilerThread1" daemon [_thread_in_native, id=7632, stack(0x00000000189b0000,0x0000000018ab0000)]
  0x000000001727f000 JavaThread "C2 CompilerThread0" daemon [_thread_blocked, id=7932, stack(0x00000000188b0000,0x00000000189b0000)]
  0x000000001727d800 JavaThread "Attach Listener" daemon [_thread_blocked, id=7568, stack(0x00000000187b0000,0x00000000188b0000)]
  0x000000001727c000 JavaThread "Signal Dispatcher" daemon [_thread_blocked, id=7300, stack(0x00000000186b0000,0x00000000187b0000)]
  0x0000000002656800 JavaThread "Finalizer" daemon [_thread_blocked, id=8252, stack(0x00000000184d0000,0x00000000185d0000)]
  0x000000000264d800 JavaThread "Reference Handler" daemon [_thread_blocked, id=2852, stack(0x00000000183d0000,0x00000000184d0000)]
=>0x0000000002560800 JavaThread "main" [_thread_in_Java, id=1656, stack(0x0000000002460000,0x0000000002560000)]

Other Threads:
  0x0000000017248000 VMThread [stack: 0x00000000182d0000,0x00000000183d0000] [id=3636]
  0x0000000018c06000 WatcherThread [stack: 0x00000000190b0000,0x00000000191b0000] [id=8236]

VM state:not at safepoint (normal execution)

VM Mutex/Monitor currently owned by a thread: None

Heap:
 PSYoungGen      total 138240K, used 20024K [0x00000000d5580000, 0x00000000e7780000, 0x0000000100000000)
  eden space 133120K, 15% used [0x00000000d5580000,0x00000000d690e1b8,0x00000000dd780000)
  from space 5120K, 0% used [0x00000000dd780000,0x00000000dd780000,0x00000000ddc80000)
  to   space 15360K, 0% used [0x00000000e6880000,0x00000000e6880000,0x00000000e7780000)
 ParOldGen       total 75264K, used 17402K [0x0000000080000000, 0x0000000084980000, 0x00000000d5580000)
  object space 75264K, 23% used [0x0000000080000000,0x00000000810fe9d8,0x0000000084980000)
 Metaspace       used 22316K, capacity 22800K, committed 23088K, reserved 1069056K
  class space    used 2648K, capacity 2812K, committed 2864K, reserved 1048576K

Card table byte_map: [0x0000000011a20000,0x0000000011e30000] byte_map_base: 0x0000000011620000

Marking Bits: (ParMarkBitMap*) 0x0000000065480600
 Begin Bits: [0x00000000124e0000, 0x00000000144e0000)
 End Bits:   [0x00000000144e0000, 0x00000000164e0000)

Polling page: 0x00000000004f0000

CodeCache: size=245760Kb used=11749Kb max_used=12863Kb free=234010Kb
 bounds [0x0000000002660000, 0x0000000003300000, 0x0000000011660000]
 total_blobs=3791 nmethods=3393 adapters=312
 compilation: enabled

Compilation events (10 events):
Event: 13.619 Thread 0x0000000017282800 3868       4       java.util.regex.Pattern$GroupHead::match (47 bytes)
Event: 13.620 Thread 0x0000000017289800 nmethod 3867 0x00000000027edad0 code [0x00000000027edce0, 0x00000000027ee8e8]
Event: 13.621 Thread 0x0000000017282800 nmethod 3868 0x0000000002842f90 code [0x00000000028430e0, 0x0000000002843218]
Event: 13.763 Thread 0x0000000017289800 3869       3       org.codehaus.plexus.util.AbstractScanner::isExcluded (38 bytes)
Event: 13.764 Thread 0x0000000017289800 nmethod 3869 0x0000000002b85f50 code [0x0000000002b860e0, 0x0000000002b86408]
Event: 13.766 Thread 0x0000000017289800 3870       1       org.codehaus.plexus.util.DirectoryScanner::isSelected (2 bytes)
Event: 13.767 Thread 0x0000000017289800 nmethod 3870 0x000000000308fad0 code [0x000000000308fc20, 0x000000000308fd30]
Event: 13.776 Thread 0x000000001727f000 3871       4       org.codehaus.plexus.util.SelectorUtils::matchPath (129 bytes)
Event: 13.776 Thread 0x0000000017282800 3872       4       org.codehaus.plexus.util.SelectorUtils::matchAntPathPattern (566 bytes)
Event: 13.782 Thread 0x000000001727f000 nmethod 3871 0x0000000002f853d0 code [0x0000000002f85520, 0x0000000002f85708]

GC Heap History (10 events):
Event: 2.559 GC heap before
{Heap before GC invocations=2 (full 0):
 PSYoungGen      total 38400K, used 37750K [0x00000000d5580000, 0x00000000da080000, 0x0000000100000000)
  eden space 33280K, 100% used [0x00000000d5580000,0x00000000d7600000,0x00000000d7600000)
  from space 5120K, 87% used [0x00000000d7600000,0x00000000d7a5db30,0x00000000d7b00000)
  to   space 5120K, 0% used [0x00000000d9b80000,0x00000000d9b80000,0x00000000da080000)
 ParOldGen       total 87552K, used 16K [0x0000000080000000, 0x0000000085580000, 0x00000000d5580000)
  object space 87552K, 0% used [0x0000000080000000,0x0000000080004000,0x0000000085580000)
 Metaspace       used 12132K, capacity 12304K, committed 12672K, reserved 1060864K
  class space    used 1486K, capacity 1543K, committed 1664K, reserved 1048576K
Event: 2.594 GC heap after
Heap after GC invocations=2 (full 0):
 PSYoungGen      total 71680K, used 5097K [0x00000000d5580000, 0x00000000da080000, 0x0000000100000000)
  eden space 66560K, 0% used [0x00000000d5580000,0x00000000d5580000,0x00000000d9680000)
  from space 5120K, 99% used [0x00000000d9b80000,0x00000000da07a440,0x00000000da080000)
  to   space 5120K, 0% used [0x00000000d9680000,0x00000000d9680000,0x00000000d9b80000)
 ParOldGen       total 87552K, used 2187K [0x0000000080000000, 0x0000000085580000, 0x00000000d5580000)
  object space 87552K, 2% used [0x0000000080000000,0x0000000080222c00,0x0000000085580000)
 Metaspace       used 12132K, capacity 12304K, committed 12672K, reserved 1060864K
  class space    used 1486K, capacity 1543K, committed 1664K, reserved 1048576K
}
Event: 5.692 GC heap before
{Heap before GC invocations=3 (full 0):
 PSYoungGen      total 71680K, used 71657K [0x00000000d5580000, 0x00000000da080000, 0x0000000100000000)
  eden space 66560K, 100% used [0x00000000d5580000,0x00000000d9680000,0x00000000d9680000)
  from space 5120K, 99% used [0x00000000d9b80000,0x00000000da07a440,0x00000000da080000)
  to   space 5120K, 0% used [0x00000000d9680000,0x00000000d9680000,0x00000000d9b80000)
 ParOldGen       total 87552K, used 2187K [0x0000000080000000, 0x0000000085580000, 0x00000000d5580000)
  object space 87552K, 2% used [0x0000000080000000,0x0000000080222c00,0x0000000085580000)
 Metaspace       used 13490K, capacity 13720K, committed 13824K, reserved 1060864K
  class space    used 1612K, capacity 1691K, committed 1792K, reserved 1048576K
Event: 5.734 GC heap after
Heap after GC invocations=3 (full 0):
 PSYoungGen      total 71680K, used 5104K [0x00000000d5580000, 0x00000000de180000, 0x0000000100000000)
  eden space 66560K, 0% used [0x00000000d5580000,0x00000000d5580000,0x00000000d9680000)
  from space 5120K, 99% used [0x00000000d9680000,0x00000000d9b7c010,0x00000000d9b80000)
  to   space 5120K, 0% used [0x00000000ddc80000,0x00000000ddc80000,0x00000000de180000)
 ParOldGen       total 87552K, used 4790K [0x0000000080000000, 0x0000000085580000, 0x00000000d5580000)
  object space 87552K, 5% used [0x0000000080000000,0x00000000804ada18,0x0000000085580000)
 Metaspace       used 13490K, capacity 13720K, committed 13824K, reserved 1060864K
  class space    used 1612K, capacity 1691K, committed 1792K, reserved 1048576K
}
Event: 8.265 GC heap before
{Heap before GC invocations=4 (full 0):
 PSYoungGen      total 71680K, used 71664K [0x00000000d5580000, 0x00000000de180000, 0x0000000100000000)
  eden space 66560K, 100% used [0x00000000d5580000,0x00000000d9680000,0x00000000d9680000)
  from space 5120K, 99% used [0x00000000d9680000,0x00000000d9b7c010,0x00000000d9b80000)
  to   space 5120K, 0% used [0x00000000ddc80000,0x00000000ddc80000,0x00000000de180000)
 ParOldGen       total 87552K, used 4790K [0x0000000080000000, 0x0000000085580000, 0x00000000d5580000)
  object space 87552K, 5% used [0x0000000080000000,0x00000000804ada18,0x0000000085580000)
 Metaspace       used 18027K, capacity 18434K, committed 18688K, reserved 1064960K
  class space    used 2175K, capacity 2284K, committed 2304K, reserved 1048576K
Event: 8.321 GC heap after
Heap after GC invocations=4 (full 0):
 PSYoungGen      total 138240K, used 5104K [0x00000000d5580000, 0x00000000de180000, 0x0000000100000000)
  eden space 133120K, 0% used [0x00000000d5580000,0x00000000d5580000,0x00000000dd780000)
  from space 5120K, 99% used [0x00000000ddc80000,0x00000000de17c010,0x00000000de180000)
  to   space 5120K, 0% used [0x00000000dd780000,0x00000000dd780000,0x00000000ddc80000)
 ParOldGen       total 87552K, used 11601K [0x0000000080000000, 0x0000000085580000, 0x00000000d5580000)
  object space 87552K, 13% used [0x0000000080000000,0x0000000080b54618,0x0000000085580000)
 Metaspace       used 18027K, capacity 18434K, committed 18688K, reserved 1064960K
  class space    used 2175K, capacity 2284K, committed 2304K, reserved 1048576K
}
Event: 11.383 GC heap before
{Heap before GC invocations=5 (full 0):
 PSYoungGen      total 138240K, used 72108K [0x00000000d5580000, 0x00000000de180000, 0x0000000100000000)
  eden space 133120K, 50% used [0x00000000d5580000,0x00000000d96ef150,0x00000000dd780000)
  from space 5120K, 99% used [0x00000000ddc80000,0x00000000de17c010,0x00000000de180000)
  to   space 5120K, 0% used [0x00000000dd780000,0x00000000dd780000,0x00000000ddc80000)
 ParOldGen       total 87552K, used 11601K [0x0000000080000000, 0x0000000085580000, 0x00000000d5580000)
  object space 87552K, 13% used [0x0000000080000000,0x0000000080b54618,0x0000000085580000)
 Metaspace       used 20765K, capacity 21272K, committed 21296K, reserved 1069056K
  class space    used 2446K, capacity 2584K, committed 2608K, reserved 1048576K
Event: 11.452 GC heap after
Heap after GC invocations=5 (full 0):
 PSYoungGen      total 138240K, used 5104K [0x00000000d5580000, 0x00000000e7780000, 0x0000000100000000)
  eden space 133120K, 0% used [0x00000000d5580000,0x00000000d5580000,0x00000000dd780000)
  from space 5120K, 99% used [0x00000000dd780000,0x00000000ddc7c010,0x00000000ddc80000)
  to   space 15360K, 0% used [0x00000000e6880000,0x00000000e6880000,0x00000000e7780000)
 ParOldGen       total 87552K, used 18791K [0x0000000080000000, 0x0000000085580000, 0x00000000d5580000)
  object space 87552K, 21% used [0x0000000080000000,0x0000000081259e60,0x0000000085580000)
 Metaspace       used 20765K, capacity 21272K, committed 21296K, reserved 1069056K
  class space    used 2446K, capacity 2584K, committed 2608K, reserved 1048576K
}
Event: 11.452 GC heap before
{Heap before GC invocations=6 (full 1):
 PSYoungGen      total 138240K, used 5104K [0x00000000d5580000, 0x00000000e7780000, 0x0000000100000000)
  eden space 133120K, 0% used [0x00000000d5580000,0x00000000d5580000,0x00000000dd780000)
  from space 5120K, 99% used [0x00000000dd780000,0x00000000ddc7c010,0x00000000ddc80000)
  to   space 15360K, 0% used [0x00000000e6880000,0x00000000e6880000,0x00000000e7780000)
 ParOldGen       total 87552K, used 18791K [0x0000000080000000, 0x0000000085580000, 0x00000000d5580000)
  object space 87552K, 21% used [0x0000000080000000,0x0000000081259e60,0x0000000085580000)
 Metaspace       used 20765K, capacity 21272K, committed 21296K, reserved 1069056K
  class space    used 2446K, capacity 2584K, committed 2608K, reserved 1048576K
Event: 11.618 GC heap after
Heap after GC invocations=6 (full 1):
 PSYoungGen      total 138240K, used 0K [0x00000000d5580000, 0x00000000e7780000, 0x0000000100000000)
  eden space 133120K, 0% used [0x00000000d5580000,0x00000000d5580000,0x00000000dd780000)
  from space 5120K, 0% used [0x00000000dd780000,0x00000000dd780000,0x00000000ddc80000)
  to   space 15360K, 0% used [0x00000000e6880000,0x00000000e6880000,0x00000000e7780000)
 ParOldGen       total 75264K, used 17402K [0x0000000080000000, 0x0000000084980000, 0x00000000d5580000)
  object space 75264K, 23% used [0x0000000080000000,0x00000000810fe9d8,0x0000000084980000)
 Metaspace       used 20765K, capacity 21272K, committed 21296K, reserved 1069056K
  class space    used 2446K, capacity 2584K, committed 2608K, reserved 1048576K
}

Deoptimization events (10 events):
Event: 10.444 Thread 0x0000000002560800 Uncommon trap: reason=class_check action=maybe_recompile pc=0x0000000002c38dd0 method=java.util.AbstractList$Itr.hasNext()Z @ 8
Event: 10.444 Thread 0x0000000002560800 Uncommon trap: reason=class_check action=maybe_recompile pc=0x0000000002c4bf44 method=java.util.AbstractList$Itr.next()Ljava/lang/Object; @ 14
Event: 10.470 Thread 0x0000000002560800 Uncommon trap: reason=predicate action=maybe_recompile pc=0x0000000003206d00 method=java.lang.String.regionMatches(ZILjava/lang/String;II)Z @ 63
Event: 10.557 Thread 0x0000000002560800 Uncommon trap: reason=unstable_if action=reinterpret pc=0x0000000002f6a75c method=java.util.StringTokenizer.setMaxDelimCodePoint()V @ 71
Event: 11.041 Thread 0x000000001d8f9800 Uncommon trap: reason=class_check action=maybe_recompile pc=0x0000000002c177ac method=java.util.Hashtable.put(Ljava/lang/Object;Ljava/lang/Object;)Ljava/lang/Object; @ 18
Event: 11.041 Thread 0x000000001d8f9800 Uncommon trap: reason=class_check action=maybe_recompile pc=0x0000000002c177ac method=java.util.Hashtable.put(Ljava/lang/Object;Ljava/lang/Object;)Ljava/lang/Object; @ 18
Event: 11.041 Thread 0x000000001d8f9800 Uncommon trap: reason=class_check action=maybe_recompile pc=0x0000000002c177ac method=java.util.Hashtable.put(Ljava/lang/Object;Ljava/lang/Object;)Ljava/lang/Object; @ 18
Event: 11.041 Thread 0x000000001d8f9800 Uncommon trap: reason=class_check action=maybe_recompile pc=0x0000000002c177ac method=java.util.Hashtable.put(Ljava/lang/Object;Ljava/lang/Object;)Ljava/lang/Object; @ 18
Event: 11.929 Thread 0x0000000002560800 Uncommon trap: reason=bimorphic action=maybe_recompile pc=0x00000000027e68c4 method=java.util.regex.Pattern$Curly.study(Ljava/util/regex/Pattern$TreeInfo;)Z @ 149
Event: 13.698 Thread 0x0000000002560800 Uncommon trap: reason=bimorphic action=maybe_recompile pc=0x00000000027e68c4 method=java.util.regex.Pattern$Curly.study(Ljava/util/regex/Pattern$TreeInfo;)Z @ 149

Internal exceptions (10 events):
Event: 3.698 Thread 0x0000000002560800 Implicit null exception at 0x00000000029d74fb to 0x00000000029d7be9
Event: 3.905 Thread 0x0000000002560800 Exception <a 'java/lang/NoClassDefFoundError': org/slf4j/Logger> (0x00000000d736e970) thrown at [D:\re\puppet\workspace\8-2-build-windows-amd64-cygwin\jdk8u73\6086\hotspot\src\share\vm\oops\constantPool.cpp, line 235]
Event: 4.906 Thread 0x0000000002560800 Exception <a 'java/lang/NoClassDefFoundError': org/slf4j/Logger> (0x00000000d841c8a8) thrown at [D:\re\puppet\workspace\8-2-build-windows-amd64-cygwin\jdk8u73\6086\hotspot\src\share\vm\oops\constantPool.cpp, line 235]
Event: 6.385 Thread 0x0000000002560800 Exception <a 'java/lang/NoClassDefFoundError': org/slf4j/Logger> (0x00000000d6d612d8) thrown at [D:\re\puppet\workspace\8-2-build-windows-amd64-cygwin\jdk8u73\6086\hotspot\src\share\vm\oops\constantPool.cpp, line 235]
Event: 6.560 Thread 0x0000000002560800 Exception <a 'java/lang/ClassNotFoundException': com/sun/tools/javac/api/JavacTool> (0x00000000d700d820) thrown at [D:\re\puppet\workspace\8-2-build-windows-amd64-cygwin\jdk8u73\6086\hotspot\src\share\vm\classfile\systemDictionary.cpp, line 210]
Event: 8.245 Thread 0x0000000002560800 Exception <a 'java/io/FileNotFoundException'> (0x00000000d95b6790) thrown at [D:\re\puppet\workspace\8-2-build-windows-amd64-cygwin\jdk8u73\6086\hotspot\src\share\vm\prims\jni.cpp, line 709]
Event: 8.255 Thread 0x0000000002560800 Exception <a 'java/io/FileNotFoundException'> (0x00000000d95eab88) thrown at [D:\re\puppet\workspace\8-2-build-windows-amd64-cygwin\jdk8u73\6086\hotspot\src\share\vm\prims\jni.cpp, line 709]
Event: 10.134 Thread 0x0000000002560800 Exception <a 'java/lang/NoClassDefFoundError': org/slf4j/Logger> (0x00000000d7d19b70) thrown at [D:\re\puppet\workspace\8-2-build-windows-amd64-cygwin\jdk8u73\6086\hotspot\src\share\vm\oops\constantPool.cpp, line 235]
Event: 10.340 Thread 0x0000000002560800 Implicit null exception at 0x00000000032a6f10 to 0x00000000032a808d
Event: 11.702 Thread 0x0000000002560800 Exception <a 'java/lang/NoClassDefFoundError': org/slf4j/Logger> (0x00000000d58a4a80) thrown at [D:\re\puppet\workspace\8-2-build-windows-amd64-cygwin\jdk8u73\6086\hotspot\src\share\vm\oops\constantPool.cpp, line 235]

Events (10 events):
Event: 13.748 loading class org/codehaus/plexus/archiver/jar/Manifest$Attribute
Event: 13.748 loading class org/codehaus/plexus/archiver/jar/Manifest$Attribute done
Event: 13.748 loading class org/codehaus/plexus/archiver/jar/Manifest$Attribute
Event: 13.748 loading class org/codehaus/plexus/archiver/jar/Manifest$Attribute done
Event: 13.752 loading class java/util/Vector$1
Event: 13.752 loading class java/util/Vector$1 done
Event: 13.754 loading class org/codehaus/plexus/archiver/AbstractArchiver$1
Event: 13.754 loading class org/codehaus/plexus/archiver/AbstractArchiver$1 done
Event: 13.754 loading class org/codehaus/plexus/archiver/AbstractArchiver$1
Event: 13.754 loading class org/codehaus/plexus/archiver/AbstractArchiver$1 done


Dynamic libraries:
0x00007ff6f9400000 - 0x00007ff6f9437000 	C:\Program Files\Java\jdk1.8.0_73\bin\java.exe
0x00007fff9a220000 - 0x00007fff9a3e1000 	C:\Windows\SYSTEM32\ntdll.dll
0x00007fff976d0000 - 0x00007fff9777d000 	C:\Windows\system32\KERNEL32.DLL
0x00007fff96b20000 - 0x00007fff96d08000 	C:\Windows\system32\KERNELBASE.dll
0x00007fff97620000 - 0x00007fff976c7000 	C:\Windows\system32\ADVAPI32.dll
0x00007fff97d60000 - 0x00007fff97dfd000 	C:\Windows\system32\msvcrt.dll
0x00007fff982f0000 - 0x00007fff9834b000 	C:\Windows\system32\sechost.dll
0x00007fff97e70000 - 0x00007fff97f8c000 	C:\Windows\system32\RPCRT4.dll
0x00007fff980e0000 - 0x00007fff98236000 	C:\Windows\system32\USER32.dll
0x00007fff97b20000 - 0x00007fff97ca6000 	C:\Windows\system32\GDI32.dll
0x00007fff90de0000 - 0x00007fff91054000 	C:\Windows\WinSxS\amd64_microsoft.windows.common-controls_6595b64144ccf1df_6.0.10586.0_none_8c15ae12515e1c22\COMCTL32.dll
0x00007fff988f0000 - 0x00007fff98b6d000 	C:\Windows\system32\combase.dll
0x00007fff96f60000 - 0x00007fff96fca000 	C:\Windows\system32\bcryptPrimitives.dll
0x00007fff97cb0000 - 0x00007fff97ceb000 	C:\Windows\system32\IMM32.DLL
0x0000000065f10000 - 0x0000000065fe2000 	C:\Program Files\Java\jdk1.8.0_73\jre\bin\msvcr100.dll
0x0000000064c70000 - 0x0000000065500000 	C:\Program Files\Java\jdk1.8.0_73\jre\bin\server\jvm.dll
0x00007fff97d50000 - 0x00007fff97d58000 	C:\Windows\system32\PSAPI.DLL
0x00007fff94f40000 - 0x00007fff94f63000 	C:\Windows\SYSTEM32\WINMM.dll
0x00007fff88d80000 - 0x00007fff88d89000 	C:\Windows\SYSTEM32\WSOCK32.dll
0x00007fff97e00000 - 0x00007fff97e6b000 	C:\Windows\system32\WS2_32.dll
0x00007fff92cb0000 - 0x00007fff92cba000 	C:\Windows\SYSTEM32\VERSION.dll
0x00007fff94bf0000 - 0x00007fff94c1c000 	C:\Windows\SYSTEM32\WINMMBASE.dll
0x00007fff96dd0000 - 0x00007fff96e13000 	C:\Windows\system32\cfgmgr32.dll
0x0000000065f00000 - 0x0000000065f0f000 	C:\Program Files\Java\jdk1.8.0_73\jre\bin\verify.dll
0x0000000065ed0000 - 0x0000000065ef9000 	C:\Program Files\Java\jdk1.8.0_73\jre\bin\java.dll
0x0000000065eb0000 - 0x0000000065ec6000 	C:\Program Files\Java\jdk1.8.0_73\jre\bin\zip.dll
0x00007fff98b80000 - 0x00007fff9a0dc000 	C:\Windows\system32\SHELL32.dll
0x00007fff96fd0000 - 0x00007fff97615000 	C:\Windows\system32\windows.storage.dll
0x00007fff98780000 - 0x00007fff987d2000 	C:\Windows\system32\shlwapi.dll
0x00007fff968c0000 - 0x00007fff968cf000 	C:\Windows\system32\kernel.appcore.dll
0x00007fff96d10000 - 0x00007fff96dc5000 	C:\Windows\system32\shcore.dll
0x00007fff96840000 - 0x00007fff9688b000 	C:\Windows\system32\powrprof.dll
0x00007fff96890000 - 0x00007fff968a4000 	C:\Windows\system32\profapi.dll
0x0000000065e90000 - 0x0000000065eaa000 	C:\Program Files\Java\jdk1.8.0_73\jre\bin\net.dll
0x00007fff96170000 - 0x00007fff961cc000 	C:\Windows\system32\mswsock.dll
0x0000000065e70000 - 0x0000000065e81000 	C:\Program Files\Java\jdk1.8.0_73\jre\bin\nio.dll
0x00007fff96220000 - 0x00007fff96237000 	C:\Windows\SYSTEM32\CRYPTSP.dll
0x00007fff95e50000 - 0x00007fff95e84000 	C:\Windows\system32\rsaenh.dll
0x00007fff96440000 - 0x00007fff96469000 	C:\Windows\SYSTEM32\bcrypt.dll
0x00007fff95fa0000 - 0x00007fff95fbf000 	C:\Windows\SYSTEM32\USERENV.dll
0x00007fff96340000 - 0x00007fff9634b000 	C:\Windows\SYSTEM32\CRYPTBASE.dll
0x00007fff931a0000 - 0x00007fff931d8000 	C:\Windows\SYSTEM32\IPHLPAPI.DLL
0x00007fff9a1b0000 - 0x00007fff9a1b8000 	C:\Windows\system32\NSI.dll
0x00007fff8d8d0000 - 0x00007fff8d8e6000 	C:\Windows\SYSTEM32\dhcpcsvc6.DLL
0x00007fff8d8b0000 - 0x00007fff8d8ca000 	C:\Windows\SYSTEM32\dhcpcsvc.DLL
0x00007fff72970000 - 0x00007fff72afc000 	C:\Windows\SYSTEM32\dbghelp.dll

VM Arguments:
jvm_args: -Dmaven.home=C:\Program Files (x86)\JetBrains\IntelliJ IDEA 15.0.3\plugins\maven\lib\maven3 -Dclassworlds.conf=C:\Program Files (x86)\JetBrains\IntelliJ IDEA 15.0.3\plugins\maven\lib\maven3\bin\m2.conf -Dfile.encoding=UTF-8 
java_command: org.codehaus.classworlds.Launcher -Didea.version=15.0.4 clean compile install -PMySQL
java_class_path (initial): C:\Program Files (x86)\JetBrains\IntelliJ IDEA 15.0.3\plugins\maven\lib\maven3\boot\plexus-classworlds-2.4.jar
Launcher Type: SUN_STANDARD

Environment Variables:
PATH=C:\Program Files (x86)\NVIDIA Corporation\PhysX\Common;c:\programdata\oracle\java\javapath;c:\windows\system32;c:\windows;c:\windows\system32\wbem;c:\windows\system32\windowspowershell\v1.0\;c:\program files\tortoisesvn\bin;c:\program files (x86)\skype\phone\;c:\program files (x86)\brackets\command;c:\windows\system32\config\systemprofile\.dnx\bin;c:\program files\microsoft dnx\dnvm\;c:\program files (x86)\windows kits\8.1\windows performance toolkit\;c:\program files\microsoft sql server\130\tools\binn\;C:\Users\Vytautas\AppData\Local\atom\bin
USERNAME=Vytautas
OS=Windows_NT
PROCESSOR_IDENTIFIER=Intel64 Family 6 Model 15 Stepping 11, GenuineIntel



---------------  S Y S T E M  ---------------

OS: Windows 10.0 , 64 bit Build 10586 (10.0.10586.0)

CPU:total 4 (4 cores per cpu, 1 threads per core) family 6 model 15 stepping 11, cmov, cx8, fxsr, mmx, sse, sse2, sse3, ssse3, tsc

Memory: 4k page, physical 8386868k(4353956k free), swap 9697588k(4594056k free)

vm_info: Java HotSpot(TM) 64-Bit Server VM (25.73-b02) for windows-amd64 JRE (1.8.0_73-b02), built on Jan 29 2016 17:38:49 by "java_re" with MS VC++ 10.0 (VS2010)

time: Tue Apr 26 02:41:52 2016
elapsed time: 13 seconds (0d 0h 0m 13s)

