#
# A fatal error has been detected by the Java Runtime Environment:
#
#  EXCEPTION_ACCESS_VIOLATION (0xc0000005) at pc=0xffffffffa3495120, pid=8484, tid=8092
#
# JRE version: Java(TM) SE Runtime Environment (8.0_73-b02) (build 1.8.0_73-b02)
# Java VM: Java HotSpot(TM) 64-Bit Server VM (25.73-b02 mixed mode windows-amd64 compressed oops)
# Problematic frame:
# C  0xffffffffa3495120
#
# Failed to write core dump. Minidumps are not enabled by default on client versions of Windows
#
# If you would like to submit a bug report, please visit:
#   http://bugreport.java.com/bugreport/crash.jsp
#

---------------  T H R E A D  ---------------

Current thread (0x0000000002390800):  JavaThread "main" [_thread_in_Java, id=8092, stack(0x0000000000b40000,0x0000000000c40000)]

siginfo: ExceptionCode=0xc0000005, ExceptionInformation=0x0000000000000008 0xffffffffa3495120

Registers:
RAX=0x0000000016cc6740, RBX=0x0000000016cc6740, RCX=0x00000000d6917ca0, RDX=0x00000000d6917ca0
RSP=0x0000000000c3dfd8, RBP=0x0000000000c3e0e8, RSI=0x00000000d6917ca0, RDI=0x0000000016d00238
R8 =0x00000000d6b93b48, R9 =0x000000000000003a, R10=0x00000001000cc6f8, R11=0x00000000026d3160
R12=0x0000000000000000, R13=0x0000000000c3e0a0, R14=0x0000000000000000, R15=0x0000000002390800
RIP=0xffffffffa3495120, EFLAGS=0x0000000000010206

Top of Stack: (sp=0x0000000000c3dfd8)
0x0000000000c3dfd8:   00000000026d3224 0000000002390800
0x0000000000c3dfe8:   00000000023909f8 00000000652701e8
0x0000000000c3dff8:   0000000000c3e010 0000000000000000
0x0000000000c3e008:   00000000d650eb00 000000000000003a
0x0000000000c3e018:   00000000026d2db1 0000000000c3e080
0x0000000000c3e028:   0000000016747700 0000000000000000
0x0000000000c3e038:   0000000000000000 00000000d6b93b48
0x0000000000c3e048:   00000000d6917ca0 00000000d6b93a28
0x0000000000c3e058:   00000000d6b93a68 0000000000c3e178
0x0000000000c3e068:   00000000026d335c 0000000000c3e0e8
0x0000000000c3e078:   0000000002497a2d 0000000000c3e0e8
0x0000000000c3e088:   0000000002497470 0000000002497200
0x0000000000c3e098:   0000000002497470 00000000d6917ca0
0x0000000000c3e0a8:   0000000000c3e0a8 0000000016cb73fa
0x0000000000c3e0b8:   0000000000c3e130 0000000016cbbda8
0x0000000000c3e0c8:   0000000000000000 0000000016cb7548 

Instructions: (pc=0xffffffffa3495120)
0xffffffffa3495100:   
[error occurred during error reporting (printing registers, top of stack, instructions near pc), id 0xc0000005]

Register to memory mapping:

RAX={method} {0x0000000016cc6748} 'nextTag' '()I' in 'org/codehaus/plexus/util/xml/pull/MXParser'
RBX={method} {0x0000000016cc6748} 'nextTag' '()I' in 'org/codehaus/plexus/util/xml/pull/MXParser'
RCX=0x00000000d6917ca0 is an oop
org.codehaus.plexus.util.xml.pull.MXParser 
 - klass: 'org/codehaus/plexus/util/xml/pull/MXParser'
RDX=0x00000000d6917ca0 is an oop
org.codehaus.plexus.util.xml.pull.MXParser 
 - klass: 'org/codehaus/plexus/util/xml/pull/MXParser'
RSP=0x0000000000c3dfd8 is pointing into the stack for thread: 0x0000000002390800
RBP=0x0000000000c3e0e8 is pointing into the stack for thread: 0x0000000002390800
RSI=0x00000000d6917ca0 is an oop
org.codehaus.plexus.util.xml.pull.MXParser 
 - klass: 'org/codehaus/plexus/util/xml/pull/MXParser'
RDI=0x0000000016d00238 is pointing into metadata
R8 =0x00000000d6b93b48 is an oop
java.lang.String 
 - klass: 'java/lang/String'
R9 =0x000000000000003a is an unknown value
R10=0x00000001000cc6f8 is pointing into metadata
R11=0x00000000026d3160 is at entry_point+32 in (nmethod*)0x00000000026d2f10
R12=0x0000000000000000 is an unknown value
R13=0x0000000000c3e0a0 is pointing into the stack for thread: 0x0000000002390800
R14=0x0000000000000000 is an unknown value
R15=0x0000000002390800 is a thread


Stack: [0x0000000000b40000,0x0000000000c40000],  sp=0x0000000000c3dfd8,  free space=1015k
Native frames: (J=compiled Java code, j=interpreted, Vv=VM code, C=native code)
C  0xffffffffa3495120


---------------  P R O C E S S  ---------------

Java Threads: ( => current thread )
  0x0000000018a60800 JavaThread "Service Thread" daemon [_thread_blocked, id=776, stack(0x0000000018e40000,0x0000000018f40000)]
  0x0000000017100800 JavaThread "C1 CompilerThread2" daemon [_thread_blocked, id=9204, stack(0x0000000018940000,0x0000000018a40000)]
  0x00000000170e2000 JavaThread "C2 CompilerThread1" daemon [_thread_blocked, id=7256, stack(0x0000000018840000,0x0000000018940000)]
  0x00000000170de000 JavaThread "C2 CompilerThread0" daemon [_thread_blocked, id=8116, stack(0x0000000018740000,0x0000000018840000)]
  0x00000000170dc800 JavaThread "Attach Listener" daemon [_thread_blocked, id=9044, stack(0x0000000018640000,0x0000000018740000)]
  0x00000000170db000 JavaThread "Signal Dispatcher" daemon [_thread_blocked, id=4680, stack(0x0000000018540000,0x0000000018640000)]
  0x0000000002480800 JavaThread "Finalizer" daemon [_thread_blocked, id=7172, stack(0x0000000018340000,0x0000000018440000)]
  0x000000000247d800 JavaThread "Reference Handler" daemon [_thread_blocked, id=8328, stack(0x0000000018240000,0x0000000018340000)]
=>0x0000000002390800 JavaThread "main" [_thread_in_Java, id=8092, stack(0x0000000000b40000,0x0000000000c40000)]

Other Threads:
  0x00000000170a8000 VMThread [stack: 0x0000000018140000,0x0000000018240000] [id=8668]
  0x0000000018a66800 WatcherThread [stack: 0x0000000018f40000,0x0000000019040000] [id=8660]

VM state:not at safepoint (normal execution)

VM Mutex/Monitor currently owned by a thread: None

Heap:
 PSYoungGen      total 38400K, used 22837K [0x00000000d5580000, 0x00000000d8000000, 0x0000000100000000)
  eden space 33280K, 68% used [0x00000000d5580000,0x00000000d6bcd428,0x00000000d7600000)
  from space 5120K, 0% used [0x00000000d7b00000,0x00000000d7b00000,0x00000000d8000000)
  to   space 5120K, 0% used [0x00000000d7600000,0x00000000d7600000,0x00000000d7b00000)
 ParOldGen       total 87552K, used 0K [0x0000000080000000, 0x0000000085580000, 0x00000000d5580000)
  object space 87552K, 0% used [0x0000000080000000,0x0000000080000000,0x0000000085580000)
 Metaspace       used 6785K, capacity 6888K, committed 7040K, reserved 1056768K
  class space    used 839K, capacity 892K, committed 896K, reserved 1048576K

Card table byte_map: [0x0000000011850000,0x0000000011c60000] byte_map_base: 0x0000000011450000

Marking Bits: (ParMarkBitMap*) 0x0000000065480600
 Begin Bits: [0x0000000012310000, 0x0000000014310000)
 End Bits:   [0x0000000014310000, 0x0000000016310000)

Polling page: 0x0000000000700000

CodeCache: size=245760Kb used=2643Kb max_used=2657Kb free=243116Kb
 bounds [0x0000000002490000, 0x0000000002730000, 0x0000000011490000]
 total_blobs=802 nmethods=531 adapters=186
 compilation: enabled

Compilation events (10 events):
Event: 1.803 Thread 0x0000000017100800 nmethod 527 0x0000000002703290 code [0x00000000027033e0, 0x0000000002703590]
Event: 1.803 Thread 0x0000000017100800  528 %     3       org.codehaus.plexus.util.InterpolationFilterReader::read @ 3 (48 bytes)
Event: 1.804 Thread 0x0000000017100800 nmethod 528% 0x0000000002702ad0 code [0x0000000002702c60, 0x0000000002703028]
Event: 1.804 Thread 0x0000000017100800  529       3       org.codehaus.plexus.util.InterpolationFilterReader::read (48 bytes)
Event: 1.804 Thread 0x0000000017100800 nmethod 529 0x0000000002712490 code [0x0000000002712620, 0x0000000002712968]
Event: 1.816 Thread 0x00000000170de000  530       4       org.codehaus.plexus.util.xml.pull.MXParser::nextImpl (1190 bytes)
Event: 1.825 Thread 0x00000000170e2000 nmethod 526 0x0000000002727bd0 code [0x0000000002727d80, 0x00000000027286a8]
Event: 1.836 Thread 0x0000000017100800  531       3       java.util.Hashtable$Entry::<init> (26 bytes)
Event: 1.836 Thread 0x0000000017100800 nmethod 531 0x0000000002712090 code [0x00000000027121e0, 0x00000000027123d0]
Event: 1.840 Thread 0x00000000170de000 nmethod 530 0x0000000002728f90 code [0x0000000002729180, 0x0000000002729a10]

GC Heap History (0 events):
No events

Deoptimization events (1 events):
Event: 1.783 Thread 0x0000000002390800 Uncommon trap: reason=unstable_if action=reinterpret pc=0x0000000002701f38 method=org.codehaus.plexus.util.xml.pull.MXParser.nextImpl()I @ 949

Internal exceptions (10 events):
Event: 0.701 Thread 0x0000000002390800 Exception <a 'java/security/PrivilegedActionException'> (0x00000000d594f070) thrown at [D:\re\puppet\workspace\8-2-build-windows-amd64-cygwin\jdk8u73\6086\hotspot\src\share\vm\prims\jvm.cpp, line 1386]
Event: 0.701 Thread 0x0000000002390800 Exception <a 'java/security/PrivilegedActionException'> (0x00000000d594f280) thrown at [D:\re\puppet\workspace\8-2-build-windows-amd64-cygwin\jdk8u73\6086\hotspot\src\share\vm\prims\jvm.cpp, line 1386]
Event: 0.704 Thread 0x0000000002390800 Exception <a 'java/security/PrivilegedActionException'> (0x00000000d59532b0) thrown at [D:\re\puppet\workspace\8-2-build-windows-amd64-cygwin\jdk8u73\6086\hotspot\src\share\vm\prims\jvm.cpp, line 1386]
Event: 0.704 Thread 0x0000000002390800 Exception <a 'java/security/PrivilegedActionException'> (0x00000000d59534c0) thrown at [D:\re\puppet\workspace\8-2-build-windows-amd64-cygwin\jdk8u73\6086\hotspot\src\share\vm\prims\jvm.cpp, line 1386]
Event: 1.241 Thread 0x0000000002390800 Exception <a 'java/lang/ArrayIndexOutOfBoundsException': 18> (0x00000000d60cb400) thrown at [D:\re\puppet\workspace\8-2-build-windows-amd64-cygwin\jdk8u73\6086\hotspot\src\share\vm\interpreter\interpreterRuntime.cpp, line 366]
Event: 1.241 Thread 0x0000000002390800 Exception <a 'java/lang/ArrayIndexOutOfBoundsException': 43> (0x00000000d60cc2a0) thrown at [D:\re\puppet\workspace\8-2-build-windows-amd64-cygwin\jdk8u73\6086\hotspot\src\share\vm\interpreter\interpreterRuntime.cpp, line 366]
Event: 1.244 Thread 0x0000000002390800 Exception <a 'java/lang/ArrayIndexOutOfBoundsException': 92> (0x00000000d60cdb38) thrown at [D:\re\puppet\workspace\8-2-build-windows-amd64-cygwin\jdk8u73\6086\hotspot\src\share\vm\interpreter\interpreterRuntime.cpp, line 366]
Event: 1.334 Thread 0x0000000002390800 Exception <a 'java/lang/ArrayIndexOutOfBoundsException'> (0x00000000d6335480) thrown at [D:\re\puppet\workspace\8-2-build-windows-amd64-cygwin\jdk8u73\6086\hotspot\src\share\vm\runtime\sharedRuntime.cpp, line 605]
Event: 1.334 Thread 0x0000000002390800 Exception <a 'java/lang/ArrayIndexOutOfBoundsException'> (0x00000000d6336ba8) thrown at [D:\re\puppet\workspace\8-2-build-windows-amd64-cygwin\jdk8u73\6086\hotspot\src\share\vm\runtime\sharedRuntime.cpp, line 605]
Event: 1.440 Thread 0x0000000002390800 Exception <a 'java/lang/ArrayIndexOutOfBoundsException'> (0x00000000d6399e10) thrown at [D:\re\puppet\workspace\8-2-build-windows-amd64-cygwin\jdk8u73\6086\hotspot\src\share\vm\runtime\sharedRuntime.cpp, line 605]

Events (10 events):
Event: 1.835 loading class org/apache/maven/artifact/repository/metadata/io/MetadataReader
Event: 1.835 loading class org/apache/maven/artifact/repository/metadata/io/MetadataReader done
Event: 1.835 loading class org/apache/maven/artifact/resolver/ResolutionErrorHandler
Event: 1.835 loading class org/apache/maven/artifact/resolver/ResolutionErrorHandler done
Event: 1.835 loading class org/apache/maven/classrealm/ClassRealmManager
Event: 1.835 loading class org/apache/maven/classrealm/ClassRealmManager done
Event: 1.836 loading class org/apache/maven/configuration/BeanConfigurator
Event: 1.836 loading class org/apache/maven/configuration/BeanConfigurator done
Event: 1.837 loading class org/apache/maven/ArtifactFilterManager
Event: 1.837 loading class org/apache/maven/ArtifactFilterManager done


Dynamic libraries:
0x00007ff6f9400000 - 0x00007ff6f9437000 	C:\Program Files\Java\jdk1.8.0_73\bin\java.exe
0x00007fff9a220000 - 0x00007fff9a3e1000 	C:\Windows\SYSTEM32\ntdll.dll
0x00007fff976d0000 - 0x00007fff9777d000 	C:\Windows\system32\KERNEL32.DLL
0x00007fff96b20000 - 0x00007fff96d08000 	C:\Windows\system32\KERNELBASE.dll
0x00007fff97620000 - 0x00007fff976c7000 	C:\Windows\system32\ADVAPI32.dll
0x00007fff97d60000 - 0x00007fff97dfd000 	C:\Windows\system32\msvcrt.dll
0x00007fff982f0000 - 0x00007fff9834b000 	C:\Windows\system32\sechost.dll
0x00007fff97e70000 - 0x00007fff97f8c000 	C:\Windows\system32\RPCRT4.dll
0x00007fff980e0000 - 0x00007fff98236000 	C:\Windows\system32\USER32.dll
0x00007fff97b20000 - 0x00007fff97ca6000 	C:\Windows\system32\GDI32.dll
0x00007fff90de0000 - 0x00007fff91054000 	C:\Windows\WinSxS\amd64_microsoft.windows.common-controls_6595b64144ccf1df_6.0.10586.0_none_8c15ae12515e1c22\COMCTL32.dll
0x00007fff988f0000 - 0x00007fff98b6d000 	C:\Windows\system32\combase.dll
0x00007fff96f60000 - 0x00007fff96fca000 	C:\Windows\system32\bcryptPrimitives.dll
0x00007fff97cb0000 - 0x00007fff97ceb000 	C:\Windows\system32\IMM32.DLL
0x0000000065f10000 - 0x0000000065fe2000 	C:\Program Files\Java\jdk1.8.0_73\jre\bin\msvcr100.dll
0x0000000064c70000 - 0x0000000065500000 	C:\Program Files\Java\jdk1.8.0_73\jre\bin\server\jvm.dll
0x00007fff97d50000 - 0x00007fff97d58000 	C:\Windows\system32\PSAPI.DLL
0x00007fff88d80000 - 0x00007fff88d89000 	C:\Windows\SYSTEM32\WSOCK32.dll
0x00007fff97e00000 - 0x00007fff97e6b000 	C:\Windows\system32\WS2_32.dll
0x00007fff94f40000 - 0x00007fff94f63000 	C:\Windows\SYSTEM32\WINMM.dll
0x00007fff92cb0000 - 0x00007fff92cba000 	C:\Windows\SYSTEM32\VERSION.dll
0x00007fff94bf0000 - 0x00007fff94c1c000 	C:\Windows\SYSTEM32\WINMMBASE.dll
0x00007fff96dd0000 - 0x00007fff96e13000 	C:\Windows\system32\cfgmgr32.dll
0x0000000065f00000 - 0x0000000065f0f000 	C:\Program Files\Java\jdk1.8.0_73\jre\bin\verify.dll
0x0000000065ed0000 - 0x0000000065ef9000 	C:\Program Files\Java\jdk1.8.0_73\jre\bin\java.dll
0x0000000065eb0000 - 0x0000000065ec6000 	C:\Program Files\Java\jdk1.8.0_73\jre\bin\zip.dll
0x00007fff98b80000 - 0x00007fff9a0dc000 	C:\Windows\system32\SHELL32.dll
0x00007fff96fd0000 - 0x00007fff97615000 	C:\Windows\system32\windows.storage.dll
0x00007fff98780000 - 0x00007fff987d2000 	C:\Windows\system32\shlwapi.dll
0x00007fff968c0000 - 0x00007fff968cf000 	C:\Windows\system32\kernel.appcore.dll
0x00007fff96d10000 - 0x00007fff96dc5000 	C:\Windows\system32\shcore.dll
0x00007fff96840000 - 0x00007fff9688b000 	C:\Windows\system32\powrprof.dll
0x00007fff96890000 - 0x00007fff968a4000 	C:\Windows\system32\profapi.dll
0x00007fff72ec0000 - 0x00007fff7304c000 	C:\Windows\SYSTEM32\dbghelp.dll

VM Arguments:
jvm_args: -Dmaven.home=C:\Program Files (x86)\JetBrains\IntelliJ IDEA 15.0.3\plugins\maven\lib\maven3 -Dclassworlds.conf=C:\Program Files (x86)\JetBrains\IntelliJ IDEA 15.0.3\plugins\maven\lib\maven3\bin\m2.conf -Dfile.encoding=UTF-8 
java_command: org.codehaus.classworlds.Launcher -Didea.version=15.0.4 clean compile install -PMySQL
java_class_path (initial): C:\Program Files (x86)\JetBrains\IntelliJ IDEA 15.0.3\plugins\maven\lib\maven3\boot\plexus-classworlds-2.4.jar
Launcher Type: SUN_STANDARD

Environment Variables:
PATH=C:\Program Files (x86)\NVIDIA Corporation\PhysX\Common;c:\programdata\oracle\java\javapath;c:\windows\system32;c:\windows;c:\windows\system32\wbem;c:\windows\system32\windowspowershell\v1.0\;c:\program files\tortoisesvn\bin;c:\program files (x86)\skype\phone\;c:\program files (x86)\brackets\command;c:\windows\system32\config\systemprofile\.dnx\bin;c:\program files\microsoft dnx\dnvm\;c:\program files (x86)\windows kits\8.1\windows performance toolkit\;c:\program files\microsoft sql server\130\tools\binn\;C:\Users\Vytautas\AppData\Local\atom\bin
USERNAME=Vytautas
OS=Windows_NT
PROCESSOR_IDENTIFIER=Intel64 Family 6 Model 15 Stepping 11, GenuineIntel



---------------  S Y S T E M  ---------------

OS: Windows 10.0 , 64 bit Build 10586 (10.0.10586.0)

CPU:total 4 (4 cores per cpu, 1 threads per core) family 6 model 15 stepping 11, cmov, cx8, fxsr, mmx, sse, sse2, sse3, ssse3, tsc

Memory: 4k page, physical 8386868k(4474908k free), swap 9697588k(4988476k free)

vm_info: Java HotSpot(TM) 64-Bit Server VM (25.73-b02) for windows-amd64 JRE (1.8.0_73-b02), built on Jan 29 2016 17:38:49 by "java_re" with MS VC++ 10.0 (VS2010)

time: Tue Apr 26 02:32:57 2016
elapsed time: 1 seconds (0d 0h 0m 1s)

